#
# There is insufficient memory for the Java Runtime Environment to continue.
# Native memory allocation (mmap) failed to map 112197632 bytes for committing reserved memory.
# Possible reasons:
#   The system is out of physical RAM or swap space
#   The process is running with CompressedOops enabled, and the Java Heap may be blocking the growth of the native heap
# Possible solutions:
#   Reduce memory load on the system
#   Increase physical memory or swap space
#   Check if swap backing store is full
#   Decrease Java heap size (-Xmx/-Xms)
#   Decrease number of Java threads
#   Decrease Java thread stack sizes (-Xss)
#   Set larger code cache with -XX:ReservedCodeCacheSize=
#   JVM is running with Unscaled Compressed Oops mode in which the Java heap is
#     placed in the first 4GB address space. The Java Heap base address is the
#     maximum limit for the native heap growth. Please use -XX:HeapBaseMinAddress
#     to set the Java Heap base and to place the Java Heap above 4GB virtual address.
# This output file may be truncated or incomplete.
#
#  Out of Memory Error (os_linux.cpp:2852), pid=5031, tid=5043
#
# JRE version: OpenJDK Runtime Environment (11.0.6+10) (build 11.0.6+10-post-Ubuntu-1ubuntu118.04.1)
# Java VM: OpenJDK 64-Bit Server VM (11.0.6+10-post-Ubuntu-1ubuntu118.04.1, mixed mode, sharing, tiered, compressed oops, g1 gc, linux-amd64)
# Core dump will be written. Default location: Core dumps may be processed with "/usr/share/apport/apport %p %s %c %d %P" (or dumping to /home/venkatesh/Documents/workspace-spring-tool-suite-4-4.6.0.RELEASE/PhotoAppApiZuuiAPIGateway/core.5031)
#

---------------  S U M M A R Y ------------

Command Line: -Dcom.sun.management.jmxremote -Dcom.sun.management.jmxremote.port=45037 -Dcom.sun.management.jmxremote.authenticate=false -Dcom.sun.management.jmxremote.ssl=false -Djava.rmi.server.hostname=localhost -Dspring.jmx.enabled=true -Dspring.application.admin.enabled=true -Djava.security.egd=file:/dev/./urandom -Xverify:none -XX:TieredStopAtLevel=1 -Dspring.boot.project.name=PhotoAppApiZuuiAPIGateway -Dfile.encoding=UTF-8 com.appdeveloperblog.photo.api.gateway.PhotoAppApiZuuiApiGatewayApplication --spring.output.ansi.enabled=always

Host: Intel(R) Core(TM) i5-6300U CPU @ 2.40GHz, 4 cores, 7G, Ubuntu 18.04.4 LTS
Time: Sat May  2 16:05:54 2020 IST elapsed time: 48 seconds (0d 0h 0m 48s)

---------------  T H R E A D  ---------------

Current thread (0x00007f3574110000):  VMThread "VM Thread" [stack: 0x00007f3551031000,0x00007f3551131000] [id=5043]

Stack: [0x00007f3551031000,0x00007f3551131000],  sp=0x00007f355112ee40,  free space=1015k
Native frames: (J=compiled Java code, A=aot compiled Java code, j=interpreted, Vv=VM code, C=native code)
V  [libjvm.so+0xdefa33]
V  [libjvm.so+0xdf06bb]
V  [libjvm.so+0x6508a5]
V  [libjvm.so+0xbc9608]
V  [libjvm.so+0xbc161d]
V  [libjvm.so+0x76ed4f]
V  [libjvm.so+0x76efbe]
V  [libjvm.so+0x77b030]
V  [libjvm.so+0x7f6359]
V  [libjvm.so+0x7f6fb2]
V  [libjvm.so+0x7f7419]
V  [libjvm.so+0x72d4df]
V  [libjvm.so+0x7321da]
V  [libjvm.so+0xdfba01]
V  [libjvm.so+0xdfa5c8]
V  [libjvm.so+0xdf7db6]
V  [libjvm.so+0xdf82c0]
V  [libjvm.so+0xdf8743]
V  [libjvm.so+0xd7f20a]
V  [libjvm.so+0xbcf1fe]

VM_Operation (0x00007f3522cb1ae0): G1CollectForAllocation, mode: safepoint, requested by thread 0x00007f34fc003000


---------------  P R O C E S S  ---------------

Threads class SMR info:
_java_thread_list=0x00007f34f5001a10, length=19, elements={
0x00007f3574019800, 0x00007f3574113000, 0x00007f3574115000, 0x00007f357411a800,
0x00007f357411c800, 0x00007f357411e800, 0x00007f3574145000, 0x00007f3574174000,
0x00007f357485b000, 0x00007f3574862000, 0x00007f357487b000, 0x00007f3574a8b000,
0x00007f34fc003000, 0x00007f352c001000, 0x00007f3504001000, 0x00007f34ec014800,
0x00007f34ec01c000, 0x00007f3504002800, 0x00007f34f5004000
}

Java Threads: ( => current thread )
  0x00007f3574019800 JavaThread "main" [_thread_blocked, id=5037, stack(0x00007f357c65e000,0x00007f357c75f000)]
  0x00007f3574113000 JavaThread "Reference Handler" daemon [_thread_blocked, id=5044, stack(0x00007f3550f2e000,0x00007f355102f000)]
  0x00007f3574115000 JavaThread "Finalizer" daemon [_thread_blocked, id=5045, stack(0x00007f3550e2d000,0x00007f3550f2e000)]
  0x00007f357411a800 JavaThread "Signal Dispatcher" daemon [_thread_blocked, id=5046, stack(0x00007f355035d000,0x00007f355045e000)]
  0x00007f357411c800 JavaThread "C1 CompilerThread0" daemon [_thread_blocked, id=5047, stack(0x00007f355025c000,0x00007f355035d000)]
  0x00007f357411e800 JavaThread "Sweeper thread" daemon [_thread_blocked, id=5048, stack(0x00007f355015b000,0x00007f355025c000)]
  0x00007f3574145000 JavaThread "Common-Cleaner" daemon [_thread_blocked, id=5049, stack(0x00007f355005a000,0x00007f355015b000)]
  0x00007f3574174000 JavaThread "Service Thread" daemon [_thread_blocked, id=5050, stack(0x00007f3523eff000,0x00007f3524000000)]
  0x00007f357485b000 JavaThread "RMI TCP Accept-0" daemon [_thread_in_native, id=5053, stack(0x00007f35231c4000,0x00007f35232c5000)]
  0x00007f3574862000 JavaThread "RMI TCP Accept-45037" daemon [_thread_in_native, id=5054, stack(0x00007f35230c3000,0x00007f35231c4000)]
  0x00007f357487b000 JavaThread "RMI TCP Accept-0" daemon [_thread_in_native, id=5055, stack(0x00007f3522fc2000,0x00007f35230c3000)]
  0x00007f3574a8b000 JavaThread "Thread-0" [_thread_blocked, id=5057, stack(0x00007f3522dbf000,0x00007f3522ec0000)]
  0x00007f34fc003000 JavaThread "restartedMain" [_thread_blocked, id=5059, stack(0x00007f3522bbc000,0x00007f3522cbd000)]
  0x00007f352c001000 JavaThread "Attach Listener" daemon [_thread_blocked, id=5066, stack(0x00007f3522abb000,0x00007f3522bbc000)]
  0x00007f3504001000 JavaThread "RMI TCP Connection(1)-127.0.0.1" daemon [_thread_blocked, id=5069, stack(0x00007f35227ba000,0x00007f35228bb000)]
  0x00007f34ec014800 JavaThread "RMI Scheduler(0)" daemon [_thread_blocked, id=5070, stack(0x00007f3520e94000,0x00007f3520f95000)]
  0x00007f34ec01c000 JavaThread "JMX server connection timeout 25" daemon [_thread_blocked, id=5071, stack(0x00007f3520d93000,0x00007f3520e94000)]
  0x00007f3504002800 JavaThread "RMI TCP Connection(2)-127.0.0.1" daemon [_thread_in_native, id=5078, stack(0x00007f3520892000,0x00007f3520993000)]
  0x00007f34f5004000 JavaThread "spring.cloud.inetutils" daemon [_thread_blocked, id=5081, stack(0x00007f3520591000,0x00007f3520692000)]

Other Threads:
=>0x00007f3574110000 VMThread "VM Thread" [stack: 0x00007f3551031000,0x00007f3551131000] [id=5043]
  0x00007f357487e000 WatcherThread [stack: 0x00007f3522ec2000,0x00007f3522fc2000] [id=5056]
  0x00007f3574032000 GCTaskThread "GC Thread#0" [stack: 0x00007f3578649000,0x00007f3578749000] [id=5038]
  0x00007f3540001000 GCTaskThread "GC Thread#1" [stack: 0x00007f35235cc000,0x00007f35236cc000] [id=5051]
  0x00007f3540002800 GCTaskThread "GC Thread#2" [stack: 0x00007f35234ca000,0x00007f35235ca000] [id=5052]
  0x00007f3540005800 GCTaskThread "GC Thread#3" [stack: 0x00007f3522cbf000,0x00007f3522dbf000] [id=5058]
  0x00007f3574063000 ConcurrentGCThread "G1 Main Marker" [stack: 0x00007f3578143000,0x00007f3578243000] [id=5039]
  0x00007f3574065000 ConcurrentGCThread "G1 Conc#0" [stack: 0x00007f3578041000,0x00007f3578141000] [id=5040]
  0x00007f35740dd000 ConcurrentGCThread "G1 Refine#0" [stack: 0x00007f3551ab6000,0x00007f3551bb6000] [id=5041]
  0x00007f35740de800 ConcurrentGCThread "G1 Young RemSet Sampling" [stack: 0x00007f35519b4000,0x00007f3551ab4000] [id=5042]

Threads with active compile tasks:

VM state:at safepoint (normal execution)

VM Mutex/Monitor currently owned by a thread:  ([mutex/lock_event])
[0x00007f3574015ac0] Threads_lock - owner thread: 0x00007f3574110000
[0x00007f3574016210] Heap_lock - owner thread: 0x00007f34fc003000

Heap address: 0x0000000085200000, size: 1966 MB, Compressed Oops mode: 32-bit
Narrow klass base: 0x0000000800000000, Narrow klass shift: 3
Compressed class space size: 1073741824 Address: 0x0000000840000000

Heap:
 garbage-first heap   total 307200K, used 26052K [0x0000000085200000, 0x0000000100000000)
  region size 1024K, 12 young (12288K), 12 survivors (12288K)
 Metaspace       used 38107K, capacity 39560K, committed 39800K, reserved 1083392K
  class space    used 5129K, capacity 5723K, committed 5752K, reserved 1048576K
Heap Regions: E=young(eden), S=young(survivor), O=old, HS=humongous(starts), HC=humongous(continues), CS=collection set, F=free, A=archive, TAMS=top-at-mark-start (previous, next)
|   0|0x0000000085200000, 0x0000000085300000, 0x0000000085300000|100%| O|  |TAMS 0x0000000085300000, 0x0000000085200000| Untracked 
|   1|0x0000000085300000, 0x0000000085400000, 0x0000000085400000|100%| O|  |TAMS 0x0000000085400000, 0x0000000085300000| Untracked 
|   2|0x0000000085400000, 0x0000000085500000, 0x0000000085500000|100%| O|  |TAMS 0x0000000085500000, 0x0000000085400000| Untracked 
|   3|0x0000000085500000, 0x0000000085600000, 0x0000000085600000|100%| O|  |TAMS 0x0000000085600000, 0x0000000085500000| Untracked 
|   4|0x0000000085600000, 0x0000000085700000, 0x0000000085700000|100%| O|  |TAMS 0x0000000085700000, 0x0000000085600000| Untracked 
|   5|0x0000000085700000, 0x00000000857ffff8, 0x0000000085800000| 99%| O|  |TAMS 0x00000000857ffff8, 0x0000000085700000| Untracked 
|   6|0x0000000085800000, 0x0000000085900000, 0x0000000085900000|100%| O|  |TAMS 0x0000000085900000, 0x0000000085800000| Untracked 
|   7|0x0000000085900000, 0x0000000085a00000, 0x0000000085a00000|100%| O|  |TAMS 0x0000000085a00000, 0x0000000085900000| Untracked 
|   8|0x0000000085a00000, 0x0000000085b00000, 0x0000000085b00000|100%| O|  |TAMS 0x0000000085b00000, 0x0000000085a00000| Untracked 
|   9|0x0000000085b00000, 0x0000000085c00000, 0x0000000085c00000|100%| O|  |TAMS 0x0000000085c00000, 0x0000000085b00000| Untracked 
|  10|0x0000000085c00000, 0x0000000085d00000, 0x0000000085d00000|100%| O|  |TAMS 0x0000000085d00000, 0x0000000085c00000| Untracked 
|  11|0x0000000085d00000, 0x0000000085e00000, 0x0000000085e00000|100%| O|  |TAMS 0x0000000085e00000, 0x0000000085d00000| Untracked 
|  12|0x0000000085e00000, 0x0000000085f00000, 0x0000000085f00000|100%| O|  |TAMS 0x0000000085f00000, 0x0000000085e00000| Untracked 
|  13|0x0000000085f00000, 0x0000000085f60000, 0x0000000086000000| 37%| O|  |TAMS 0x0000000085f60000, 0x0000000085f00000| Untracked 
|  14|0x0000000086000000, 0x0000000086000000, 0x0000000086100000|  0%| F|  |TAMS 0x0000000086000000, 0x0000000086000000| Untracked 
|  15|0x0000000086100000, 0x0000000086100000, 0x0000000086200000|  0%| F|  |TAMS 0x0000000086100000, 0x0000000086100000| Untracked 
|  16|0x0000000086200000, 0x0000000086200000, 0x0000000086300000|  0%| F|  |TAMS 0x0000000086200000, 0x0000000086200000| Untracked 
|  17|0x0000000086300000, 0x0000000086300000, 0x0000000086400000|  0%| F|  |TAMS 0x0000000086300000, 0x0000000086300000| Untracked 
|  18|0x0000000086400000, 0x0000000086400000, 0x0000000086500000|  0%| F|  |TAMS 0x0000000086400000, 0x0000000086400000| Untracked 
|  19|0x0000000086500000, 0x0000000086500000, 0x0000000086600000|  0%| F|  |TAMS 0x0000000086500000, 0x0000000086500000| Untracked 
|  20|0x0000000086600000, 0x0000000086600000, 0x0000000086700000|  0%| F|  |TAMS 0x0000000086600000, 0x0000000086600000| Untracked 
|  21|0x0000000086700000, 0x0000000086700000, 0x0000000086800000|  0%| F|  |TAMS 0x0000000086700000, 0x0000000086700000| Untracked 
|  22|0x0000000086800000, 0x0000000086800000, 0x0000000086900000|  0%| F|  |TAMS 0x0000000086800000, 0x0000000086800000| Untracked 
|  23|0x0000000086900000, 0x0000000086900000, 0x0000000086a00000|  0%| F|  |TAMS 0x0000000086900000, 0x0000000086900000| Untracked 
|  24|0x0000000086a00000, 0x0000000086a00000, 0x0000000086b00000|  0%| F|  |TAMS 0x0000000086a00000, 0x0000000086a00000| Untracked 
|  25|0x0000000086b00000, 0x0000000086b00000, 0x0000000086c00000|  0%| F|  |TAMS 0x0000000086b00000, 0x0000000086b00000| Untracked 
|  26|0x0000000086c00000, 0x0000000086c00000, 0x0000000086d00000|  0%| F|  |TAMS 0x0000000086c00000, 0x0000000086c00000| Untracked 
|  27|0x0000000086d00000, 0x0000000086d00000, 0x0000000086e00000|  0%| F|  |TAMS 0x0000000086d00000, 0x0000000086d00000| Untracked 
|  28|0x0000000086e00000, 0x0000000086e00000, 0x0000000086f00000|  0%| F|  |TAMS 0x0000000086e00000, 0x0000000086e00000| Untracked 
|  29|0x0000000086f00000, 0x0000000086f00000, 0x0000000087000000|  0%| F|  |TAMS 0x0000000086f00000, 0x0000000086f00000| Untracked 
|  30|0x0000000087000000, 0x0000000087000000, 0x0000000087100000|  0%| F|  |TAMS 0x0000000087000000, 0x0000000087000000| Untracked 
|  31|0x0000000087100000, 0x0000000087100000, 0x0000000087200000|  0%| F|  |TAMS 0x0000000087100000, 0x0000000087100000| Untracked 
|  32|0x0000000087200000, 0x0000000087200000, 0x0000000087300000|  0%| F|  |TAMS 0x0000000087200000, 0x0000000087200000| Untracked 
|  33|0x0000000087300000, 0x0000000087300000, 0x0000000087400000|  0%| F|  |TAMS 0x0000000087300000, 0x0000000087300000| Untracked 
|  34|0x0000000087400000, 0x0000000087400000, 0x0000000087500000|  0%| F|  |TAMS 0x0000000087400000, 0x0000000087400000| Untracked 
|  35|0x0000000087500000, 0x0000000087500000, 0x0000000087600000|  0%| F|  |TAMS 0x0000000087500000, 0x0000000087500000| Untracked 
|  36|0x0000000087600000, 0x0000000087600000, 0x0000000087700000|  0%| F|  |TAMS 0x0000000087600000, 0x0000000087600000| Untracked 
|  37|0x0000000087700000, 0x0000000087700000, 0x0000000087800000|  0%| F|  |TAMS 0x0000000087700000, 0x0000000087700000| Untracked 
|  38|0x0000000087800000, 0x0000000087800000, 0x0000000087900000|  0%| F|  |TAMS 0x0000000087800000, 0x0000000087800000| Untracked 
|  39|0x0000000087900000, 0x0000000087900000, 0x0000000087a00000|  0%| F|  |TAMS 0x0000000087900000, 0x0000000087900000| Untracked 
|  40|0x0000000087a00000, 0x0000000087a00000, 0x0000000087b00000|  0%| F|  |TAMS 0x0000000087a00000, 0x0000000087a00000| Untracked 
|  41|0x0000000087b00000, 0x0000000087b00000, 0x0000000087c00000|  0%| F|  |TAMS 0x0000000087b00000, 0x0000000087b00000| Untracked 
|  42|0x0000000087c00000, 0x0000000087c00000, 0x0000000087d00000|  0%| F|  |TAMS 0x0000000087c00000, 0x0000000087c00000| Untracked 
|  43|0x0000000087d00000, 0x0000000087d00000, 0x0000000087e00000|  0%| F|  |TAMS 0x0000000087d00000, 0x0000000087d00000| Untracked 
|  44|0x0000000087e00000, 0x0000000087e00000, 0x0000000087f00000|  0%| F|  |TAMS 0x0000000087e00000, 0x0000000087e00000| Untracked 
|  45|0x0000000087f00000, 0x0000000087f00000, 0x0000000088000000|  0%| F|  |TAMS 0x0000000087f00000, 0x0000000087f00000| Untracked 
|  46|0x0000000088000000, 0x0000000088000000, 0x0000000088100000|  0%| F|  |TAMS 0x0000000088000000, 0x0000000088000000| Untracked 
|  47|0x0000000088100000, 0x0000000088100000, 0x0000000088200000|  0%| F|  |TAMS 0x0000000088100000, 0x0000000088100000| Untracked 
|  48|0x0000000088200000, 0x0000000088200000, 0x0000000088300000|  0%| F|  |TAMS 0x0000000088200000, 0x0000000088200000| Untracked 
|  49|0x0000000088300000, 0x0000000088300000, 0x0000000088400000|  0%| F|  |TAMS 0x0000000088300000, 0x0000000088300000| Untracked 
|  50|0x0000000088400000, 0x0000000088400000, 0x0000000088500000|  0%| F|  |TAMS 0x0000000088400000, 0x0000000088400000| Untracked 
|  51|0x0000000088500000, 0x0000000088500000, 0x0000000088600000|  0%| F|  |TAMS 0x0000000088500000, 0x0000000088500000| Untracked 
|  52|0x0000000088600000, 0x0000000088600000, 0x0000000088700000|  0%| F|  |TAMS 0x0000000088600000, 0x0000000088600000| Untracked 
|  53|0x0000000088700000, 0x0000000088700000, 0x0000000088800000|  0%| F|  |TAMS 0x0000000088700000, 0x0000000088700000| Untracked 
|  54|0x0000000088800000, 0x0000000088800000, 0x0000000088900000|  0%| F|  |TAMS 0x0000000088800000, 0x0000000088800000| Untracked 
|  55|0x0000000088900000, 0x0000000088900000, 0x0000000088a00000|  0%| F|  |TAMS 0x0000000088900000, 0x0000000088900000| Untracked 
|  56|0x0000000088a00000, 0x0000000088a00000, 0x0000000088b00000|  0%| F|  |TAMS 0x0000000088a00000, 0x0000000088a00000| Untracked 
|  57|0x0000000088b00000, 0x0000000088b00000, 0x0000000088c00000|  0%| F|  |TAMS 0x0000000088b00000, 0x0000000088b00000| Untracked 
|  58|0x0000000088c00000, 0x0000000088c00000, 0x0000000088d00000|  0%| F|  |TAMS 0x0000000088c00000, 0x0000000088c00000| Untracked 
|  59|0x0000000088d00000, 0x0000000088d00000, 0x0000000088e00000|  0%| F|  |TAMS 0x0000000088d00000, 0x0000000088d00000| Untracked 
|  60|0x0000000088e00000, 0x0000000088e00000, 0x0000000088f00000|  0%| F|  |TAMS 0x0000000088e00000, 0x0000000088e00000| Untracked 
|  61|0x0000000088f00000, 0x0000000088f00000, 0x0000000089000000|  0%| F|  |TAMS 0x0000000088f00000, 0x0000000088f00000| Untracked 
|  62|0x0000000089000000, 0x0000000089000000, 0x0000000089100000|  0%| F|  |TAMS 0x0000000089000000, 0x0000000089000000| Untracked 
|  63|0x0000000089100000, 0x0000000089100000, 0x0000000089200000|  0%| F|  |TAMS 0x0000000089100000, 0x0000000089100000| Untracked 
|  64|0x0000000089200000, 0x0000000089200000, 0x0000000089300000|  0%| F|  |TAMS 0x0000000089200000, 0x0000000089200000| Untracked 
|  65|0x0000000089300000, 0x0000000089300000, 0x0000000089400000|  0%| F|  |TAMS 0x0000000089300000, 0x0000000089300000| Untracked 
|  66|0x0000000089400000, 0x0000000089400000, 0x0000000089500000|  0%| F|  |TAMS 0x0000000089400000, 0x0000000089400000| Untracked 
|  67|0x0000000089500000, 0x0000000089500000, 0x0000000089600000|  0%| F|  |TAMS 0x0000000089500000, 0x0000000089500000| Untracked 
|  68|0x0000000089600000, 0x0000000089660178, 0x0000000089700000| 37%| S|CS|TAMS 0x0000000089600000, 0x0000000089600000| Complete 
|  69|0x0000000089700000, 0x0000000089800000, 0x0000000089800000|100%| S|CS|TAMS 0x0000000089700000, 0x0000000089700000| Complete 
|  70|0x0000000089800000, 0x0000000089900000, 0x0000000089900000|100%| S|CS|TAMS 0x0000000089800000, 0x0000000089800000| Complete 
|  71|0x0000000089900000, 0x0000000089a00000, 0x0000000089a00000|100%| S|CS|TAMS 0x0000000089900000, 0x0000000089900000| Complete 
|  72|0x0000000089a00000, 0x0000000089b00000, 0x0000000089b00000|100%| S|CS|TAMS 0x0000000089a00000, 0x0000000089a00000| Complete 
|  73|0x0000000089b00000, 0x0000000089c00000, 0x0000000089c00000|100%| S|CS|TAMS 0x0000000089b00000, 0x0000000089b00000| Complete 
|  74|0x0000000089c00000, 0x0000000089d00000, 0x0000000089d00000|100%| S|CS|TAMS 0x0000000089c00000, 0x0000000089c00000| Complete 
|  75|0x0000000089d00000, 0x0000000089e00000, 0x0000000089e00000|100%| S|CS|TAMS 0x0000000089d00000, 0x0000000089d00000| Complete 
|  76|0x0000000089e00000, 0x0000000089f00000, 0x0000000089f00000|100%| S|CS|TAMS 0x0000000089e00000, 0x0000000089e00000| Complete 
|  77|0x0000000089f00000, 0x000000008a000000, 0x000000008a000000|100%| S|CS|TAMS 0x0000000089f00000, 0x0000000089f00000| Complete 
|  78|0x000000008a000000, 0x000000008a100000, 0x000000008a100000|100%| S|CS|TAMS 0x000000008a000000, 0x000000008a000000| Complete 
|  79|0x000000008a100000, 0x000000008a200000, 0x000000008a200000|100%| S|CS|TAMS 0x000000008a100000, 0x000000008a100000| Complete 
|  80|0x000000008a200000, 0x000000008a200000, 0x000000008a300000|  0%| F|  |TAMS 0x000000008a200000, 0x000000008a200000| Untracked 
|  81|0x000000008a300000, 0x000000008a300000, 0x000000008a400000|  0%| F|  |TAMS 0x000000008a300000, 0x000000008a300000| Untracked 
|  82|0x000000008a400000, 0x000000008a400000, 0x000000008a500000|  0%| F|  |TAMS 0x000000008a400000, 0x000000008a400000| Untracked 
|  83|0x000000008a500000, 0x000000008a500000, 0x000000008a600000|  0%| F|  |TAMS 0x000000008a500000, 0x000000008a500000| Untracked 
|  84|0x000000008a600000, 0x000000008a600000, 0x000000008a700000|  0%| F|  |TAMS 0x000000008a600000, 0x000000008a600000| Untracked 
|  85|0x000000008a700000, 0x000000008a700000, 0x000000008a800000|  0%| F|  |TAMS 0x000000008a700000, 0x000000008a700000| Untracked 
|  86|0x000000008a800000, 0x000000008a800000, 0x000000008a900000|  0%| F|  |TAMS 0x000000008a800000, 0x000000008a800000| Untracked 
|  87|0x000000008a900000, 0x000000008a900000, 0x000000008aa00000|  0%| F|  |TAMS 0x000000008a900000, 0x000000008a900000| Untracked 
|  88|0x000000008aa00000, 0x000000008aa00000, 0x000000008ab00000|  0%| F|  |TAMS 0x000000008aa00000, 0x000000008aa00000| Untracked 
|  89|0x000000008ab00000, 0x000000008ab00000, 0x000000008ac00000|  0%| F|  |TAMS 0x000000008ab00000, 0x000000008ab00000| Untracked 
|  90|0x000000008ac00000, 0x000000008ac00000, 0x000000008ad00000|  0%| F|  |TAMS 0x000000008ac00000, 0x000000008ac00000| Untracked 
|  91|0x000000008ad00000, 0x000000008ad00000, 0x000000008ae00000|  0%| F|  |TAMS 0x000000008ad00000, 0x000000008ad00000| Untracked 
|  92|0x000000008ae00000, 0x000000008ae00000, 0x000000008af00000|  0%| F|  |TAMS 0x000000008ae00000, 0x000000008ae00000| Untracked 
|  93|0x000000008af00000, 0x000000008af00000, 0x000000008b000000|  0%| F|  |TAMS 0x000000008af00000, 0x000000008af00000| Untracked 
|  94|0x000000008b000000, 0x000000008b000000, 0x000000008b100000|  0%| F|  |TAMS 0x000000008b000000, 0x000000008b000000| Untracked 
|  95|0x000000008b100000, 0x000000008b100000, 0x000000008b200000|  0%| F|  |TAMS 0x000000008b100000, 0x000000008b100000| Untracked 
|  96|0x000000008b200000, 0x000000008b200000, 0x000000008b300000|  0%| F|  |TAMS 0x000000008b200000, 0x000000008b200000| Untracked 
|  97|0x000000008b300000, 0x000000008b300000, 0x000000008b400000|  0%| F|  |TAMS 0x000000008b300000, 0x000000008b300000| Untracked 
|  98|0x000000008b400000, 0x000000008b400000, 0x000000008b500000|  0%| F|  |TAMS 0x000000008b400000, 0x000000008b400000| Untracked 
|  99|0x000000008b500000, 0x000000008b500000, 0x000000008b600000|  0%| F|  |TAMS 0x000000008b500000, 0x000000008b500000| Untracked 
| 100|0x000000008b600000, 0x000000008b600000, 0x000000008b700000|  0%| F|  |TAMS 0x000000008b600000, 0x000000008b600000| Untracked 
| 101|0x000000008b700000, 0x000000008b700000, 0x000000008b800000|  0%| F|  |TAMS 0x000000008b700000, 0x000000008b700000| Untracked 
| 102|0x000000008b800000, 0x000000008b800000, 0x000000008b900000|  0%| F|  |TAMS 0x000000008b800000, 0x000000008b800000| Untracked 
| 103|0x000000008b900000, 0x000000008b900000, 0x000000008ba00000|  0%| F|  |TAMS 0x000000008b900000, 0x000000008b900000| Untracked 
| 104|0x000000008ba00000, 0x000000008ba00000, 0x000000008bb00000|  0%| F|  |TAMS 0x000000008ba00000, 0x000000008ba00000| Untracked 
| 105|0x000000008bb00000, 0x000000008bb00000, 0x000000008bc00000|  0%| F|  |TAMS 0x000000008bb00000, 0x000000008bb00000| Untracked 
| 106|0x000000008bc00000, 0x000000008bc00000, 0x000000008bd00000|  0%| F|  |TAMS 0x000000008bc00000, 0x000000008bc00000| Untracked 
| 107|0x000000008bd00000, 0x000000008bd00000, 0x000000008be00000|  0%| F|  |TAMS 0x000000008bd00000, 0x000000008bd00000| Untracked 
| 108|0x000000008be00000, 0x000000008be00000, 0x000000008bf00000|  0%| F|  |TAMS 0x000000008be00000, 0x000000008be00000| Untracked 
| 109|0x000000008bf00000, 0x000000008bf00000, 0x000000008c000000|  0%| F|  |TAMS 0x000000008bf00000, 0x000000008bf00000| Untracked 
| 110|0x000000008c000000, 0x000000008c000000, 0x000000008c100000|  0%| F|  |TAMS 0x000000008c000000, 0x000000008c000000| Untracked 
| 111|0x000000008c100000, 0x000000008c100000, 0x000000008c200000|  0%| F|  |TAMS 0x000000008c100000, 0x000000008c100000| Untracked 
| 112|0x000000008c200000, 0x000000008c200000, 0x000000008c300000|  0%| F|  |TAMS 0x000000008c200000, 0x000000008c200000| Untracked 
| 113|0x000000008c300000, 0x000000008c300000, 0x000000008c400000|  0%| F|  |TAMS 0x000000008c300000, 0x000000008c300000| Untracked 
| 114|0x000000008c400000, 0x000000008c400000, 0x000000008c500000|  0%| F|  |TAMS 0x000000008c400000, 0x000000008c400000| Untracked 
| 115|0x000000008c500000, 0x000000008c500000, 0x000000008c600000|  0%| F|  |TAMS 0x000000008c500000, 0x000000008c500000| Untracked 
| 116|0x000000008c600000, 0x000000008c600000, 0x000000008c700000|  0%| F|  |TAMS 0x000000008c600000, 0x000000008c600000| Untracked 
| 117|0x000000008c700000, 0x000000008c700000, 0x000000008c800000|  0%| F|  |TAMS 0x000000008c700000, 0x000000008c700000| Untracked 
| 118|0x000000008c800000, 0x000000008c800000, 0x000000008c900000|  0%| F|  |TAMS 0x000000008c800000, 0x000000008c800000| Untracked 
| 119|0x000000008c900000, 0x000000008c900000, 0x000000008ca00000|  0%| F|  |TAMS 0x000000008c900000, 0x000000008c900000| Untracked 
| 120|0x000000008ca00000, 0x000000008ca00000, 0x000000008cb00000|  0%| F|  |TAMS 0x000000008ca00000, 0x000000008ca00000| Untracked 
| 121|0x000000008cb00000, 0x000000008cb00000, 0x000000008cc00000|  0%| F|  |TAMS 0x000000008cb00000, 0x000000008cb00000| Untracked 
| 122|0x000000008cc00000, 0x000000008cc00000, 0x000000008cd00000|  0%| F|  |TAMS 0x000000008cc00000, 0x000000008cc00000| Untracked 
| 123|0x000000008cd00000, 0x000000008cd00000, 0x000000008ce00000|  0%| F|  |TAMS 0x000000008cd00000, 0x000000008cd00000| Untracked 
| 124|0x000000008ce00000, 0x000000008ce00000, 0x000000008cf00000|  0%| F|  |TAMS 0x000000008ce00000, 0x000000008ce00000| Untracked 
| 125|0x000000008cf00000, 0x000000008cf00000, 0x000000008d000000|  0%| F|  |TAMS 0x000000008cf00000, 0x000000008cf00000| Untracked 
| 126|0x000000008d000000, 0x000000008d000000, 0x000000008d100000|  0%| F|  |TAMS 0x000000008d000000, 0x000000008d000000| Untracked 
| 127|0x000000008d100000, 0x000000008d100000, 0x000000008d200000|  0%| F|  |TAMS 0x000000008d100000, 0x000000008d100000| Untracked 
| 128|0x000000008d200000, 0x000000008d200000, 0x000000008d300000|  0%| F|  |TAMS 0x000000008d200000, 0x000000008d200000| Untracked 
| 129|0x000000008d300000, 0x000000008d300000, 0x000000008d400000|  0%| F|  |TAMS 0x000000008d300000, 0x000000008d300000| Untracked 
| 130|0x000000008d400000, 0x000000008d400000, 0x000000008d500000|  0%| F|  |TAMS 0x000000008d400000, 0x000000008d400000| Untracked 
| 131|0x000000008d500000, 0x000000008d500000, 0x000000008d600000|  0%| F|  |TAMS 0x000000008d500000, 0x000000008d500000| Untracked 
| 132|0x000000008d600000, 0x000000008d600000, 0x000000008d700000|  0%| F|  |TAMS 0x000000008d600000, 0x000000008d600000| Untracked 
| 133|0x000000008d700000, 0x000000008d700000, 0x000000008d800000|  0%| F|  |TAMS 0x000000008d700000, 0x000000008d700000| Untracked 
| 134|0x000000008d800000, 0x000000008d800000, 0x000000008d900000|  0%| F|  |TAMS 0x000000008d800000, 0x000000008d800000| Untracked 
| 135|0x000000008d900000, 0x000000008d900000, 0x000000008da00000|  0%| F|  |TAMS 0x000000008d900000, 0x000000008d900000| Untracked 
| 136|0x000000008da00000, 0x000000008da00000, 0x000000008db00000|  0%| F|  |TAMS 0x000000008da00000, 0x000000008da00000| Untracked 
| 137|0x000000008db00000, 0x000000008db00000, 0x000000008dc00000|  0%| F|  |TAMS 0x000000008db00000, 0x000000008db00000| Untracked 
| 138|0x000000008dc00000, 0x000000008dc00000, 0x000000008dd00000|  0%| F|  |TAMS 0x000000008dc00000, 0x000000008dc00000| Untracked 
| 139|0x000000008dd00000, 0x000000008dd00000, 0x000000008de00000|  0%| F|  |TAMS 0x000000008dd00000, 0x000000008dd00000| Untracked 
| 140|0x000000008de00000, 0x000000008de00000, 0x000000008df00000|  0%| F|  |TAMS 0x000000008de00000, 0x000000008de00000| Untracked 
| 141|0x000000008df00000, 0x000000008df00000, 0x000000008e000000|  0%| F|  |TAMS 0x000000008df00000, 0x000000008df00000| Untracked 
| 142|0x000000008e000000, 0x000000008e000000, 0x000000008e100000|  0%| F|  |TAMS 0x000000008e000000, 0x000000008e000000| Untracked 
| 143|0x000000008e100000, 0x000000008e100000, 0x000000008e200000|  0%| F|  |TAMS 0x000000008e100000, 0x000000008e100000| Untracked 
| 144|0x000000008e200000, 0x000000008e200000, 0x000000008e300000|  0%| F|  |TAMS 0x000000008e200000, 0x000000008e200000| Untracked 
| 145|0x000000008e300000, 0x000000008e300000, 0x000000008e400000|  0%| F|  |TAMS 0x000000008e300000, 0x000000008e300000| Untracked 
| 146|0x000000008e400000, 0x000000008e400000, 0x000000008e500000|  0%| F|  |TAMS 0x000000008e400000, 0x000000008e400000| Untracked 
| 147|0x000000008e500000, 0x000000008e500000, 0x000000008e600000|  0%| F|  |TAMS 0x000000008e500000, 0x000000008e500000| Untracked 
| 148|0x000000008e600000, 0x000000008e600000, 0x000000008e700000|  0%| F|  |TAMS 0x000000008e600000, 0x000000008e600000| Untracked 
| 149|0x000000008e700000, 0x000000008e700000, 0x000000008e800000|  0%| F|  |TAMS 0x000000008e700000, 0x000000008e700000| Untracked 
| 150|0x000000008e800000, 0x000000008e800000, 0x000000008e900000|  0%| F|  |TAMS 0x000000008e800000, 0x000000008e800000| Untracked 
| 151|0x000000008e900000, 0x000000008e900000, 0x000000008ea00000|  0%| F|  |TAMS 0x000000008e900000, 0x000000008e900000| Untracked 
| 152|0x000000008ea00000, 0x000000008ea00000, 0x000000008eb00000|  0%| F|  |TAMS 0x000000008ea00000, 0x000000008ea00000| Untracked 
| 153|0x000000008eb00000, 0x000000008eb00000, 0x000000008ec00000|  0%| F|  |TAMS 0x000000008eb00000, 0x000000008eb00000| Untracked 
| 154|0x000000008ec00000, 0x000000008ec00000, 0x000000008ed00000|  0%| F|  |TAMS 0x000000008ec00000, 0x000000008ec00000| Untracked 
| 155|0x000000008ed00000, 0x000000008ed00000, 0x000000008ee00000|  0%| F|  |TAMS 0x000000008ed00000, 0x000000008ed00000| Untracked 
| 156|0x000000008ee00000, 0x000000008ee00000, 0x000000008ef00000|  0%| F|  |TAMS 0x000000008ee00000, 0x000000008ee00000| Untracked 
| 157|0x000000008ef00000, 0x000000008ef00000, 0x000000008f000000|  0%| F|  |TAMS 0x000000008ef00000, 0x000000008ef00000| Untracked 
| 158|0x000000008f000000, 0x000000008f000000, 0x000000008f100000|  0%| F|  |TAMS 0x000000008f000000, 0x000000008f000000| Untracked 
| 159|0x000000008f100000, 0x000000008f100000, 0x000000008f200000|  0%| F|  |TAMS 0x000000008f100000, 0x000000008f100000| Untracked 
| 160|0x000000008f200000, 0x000000008f200000, 0x000000008f300000|  0%| F|  |TAMS 0x000000008f200000, 0x000000008f200000| Untracked 
| 161|0x000000008f300000, 0x000000008f300000, 0x000000008f400000|  0%| F|  |TAMS 0x000000008f300000, 0x000000008f300000| Untracked 
| 162|0x000000008f400000, 0x000000008f400000, 0x000000008f500000|  0%| F|  |TAMS 0x000000008f400000, 0x000000008f400000| Untracked 
| 163|0x000000008f500000, 0x000000008f500000, 0x000000008f600000|  0%| F|  |TAMS 0x000000008f500000, 0x000000008f500000| Untracked 
| 164|0x000000008f600000, 0x000000008f600000, 0x000000008f700000|  0%| F|  |TAMS 0x000000008f600000, 0x000000008f600000| Untracked 
| 165|0x000000008f700000, 0x000000008f700000, 0x000000008f800000|  0%| F|  |TAMS 0x000000008f700000, 0x000000008f700000| Untracked 
| 166|0x000000008f800000, 0x000000008f800000, 0x000000008f900000|  0%| F|  |TAMS 0x000000008f800000, 0x000000008f800000| Untracked 
| 167|0x000000008f900000, 0x000000008f900000, 0x000000008fa00000|  0%| F|  |TAMS 0x000000008f900000, 0x000000008f900000| Untracked 
| 168|0x000000008fa00000, 0x000000008fa00000, 0x000000008fb00000|  0%| F|  |TAMS 0x000000008fa00000, 0x000000008fa00000| Untracked 
| 169|0x000000008fb00000, 0x000000008fb00000, 0x000000008fc00000|  0%| F|  |TAMS 0x000000008fb00000, 0x000000008fb00000| Untracked 
| 170|0x000000008fc00000, 0x000000008fc00000, 0x000000008fd00000|  0%| F|  |TAMS 0x000000008fc00000, 0x000000008fc00000| Untracked 
| 171|0x000000008fd00000, 0x000000008fd00000, 0x000000008fe00000|  0%| F|  |TAMS 0x000000008fd00000, 0x000000008fd00000| Untracked 
| 172|0x000000008fe00000, 0x000000008fe00000, 0x000000008ff00000|  0%| F|  |TAMS 0x000000008fe00000, 0x000000008fe00000| Untracked 
| 173|0x000000008ff00000, 0x000000008ff00000, 0x0000000090000000|  0%| F|  |TAMS 0x000000008ff00000, 0x000000008ff00000| Untracked 
| 174|0x0000000090000000, 0x0000000090000000, 0x0000000090100000|  0%| F|  |TAMS 0x0000000090000000, 0x0000000090000000| Untracked 
| 175|0x0000000090100000, 0x0000000090100000, 0x0000000090200000|  0%| F|  |TAMS 0x0000000090100000, 0x0000000090100000| Untracked 
| 176|0x0000000090200000, 0x0000000090200000, 0x0000000090300000|  0%| F|  |TAMS 0x0000000090200000, 0x0000000090200000| Untracked 
| 177|0x0000000090300000, 0x0000000090300000, 0x0000000090400000|  0%| F|  |TAMS 0x0000000090300000, 0x0000000090300000| Untracked 
| 178|0x0000000090400000, 0x0000000090400000, 0x0000000090500000|  0%| F|  |TAMS 0x0000000090400000, 0x0000000090400000| Untracked 
| 179|0x0000000090500000, 0x0000000090500000, 0x0000000090600000|  0%| F|  |TAMS 0x0000000090500000, 0x0000000090500000| Untracked 
| 180|0x0000000090600000, 0x0000000090600000, 0x0000000090700000|  0%| F|  |TAMS 0x0000000090600000, 0x0000000090600000| Untracked 
| 181|0x0000000090700000, 0x0000000090700000, 0x0000000090800000|  0%| F|  |TAMS 0x0000000090700000, 0x0000000090700000| Untracked 
| 182|0x0000000090800000, 0x0000000090800000, 0x0000000090900000|  0%| F|  |TAMS 0x0000000090800000, 0x0000000090800000| Untracked 
| 183|0x0000000090900000, 0x0000000090900000, 0x0000000090a00000|  0%| F|  |TAMS 0x0000000090900000, 0x0000000090900000| Untracked 
| 184|0x0000000090a00000, 0x0000000090a00000, 0x0000000090b00000|  0%| F|  |TAMS 0x0000000090a00000, 0x0000000090a00000| Untracked 
| 185|0x0000000090b00000, 0x0000000090b00000, 0x0000000090c00000|  0%| F|  |TAMS 0x0000000090b00000, 0x0000000090b00000| Untracked 
| 186|0x0000000090c00000, 0x0000000090c00000, 0x0000000090d00000|  0%| F|  |TAMS 0x0000000090c00000, 0x0000000090c00000| Untracked 
| 187|0x0000000090d00000, 0x0000000090d00000, 0x0000000090e00000|  0%| F|  |TAMS 0x0000000090d00000, 0x0000000090d00000| Untracked 
| 188|0x0000000090e00000, 0x0000000090e00000, 0x0000000090f00000|  0%| F|  |TAMS 0x0000000090e00000, 0x0000000090e00000| Untracked 
| 189|0x0000000090f00000, 0x0000000090f00000, 0x0000000091000000|  0%| F|  |TAMS 0x0000000090f00000, 0x0000000090f00000| Untracked 
| 190|0x0000000091000000, 0x0000000091000000, 0x0000000091100000|  0%| F|  |TAMS 0x0000000091000000, 0x0000000091000000| Untracked 
|1964|0x00000000ffe00000, 0x00000000ffe47000, 0x00000000fff00000| 27%|OA|  |TAMS 0x00000000ffe47000, 0x00000000ffe00000| Untracked 
|1965|0x00000000fff00000, 0x00000000fff6a000, 0x0000000100000000| 41%|CA|  |TAMS 0x00000000fff6a000, 0x00000000fff00000| Untracked 

Card table byte_map: [0x00007f355c162000,0x00007f355c539000] _byte_map_base: 0x00007f355bd39000

Marking Bits (Prev, Next): (CMBitMap*) 0x00007f357405a6a8, (CMBitMap*) 0x00007f357405a6e0
 Prev Bits: [0x00007f3555d71000, 0x00007f3557c29000)
 Next Bits: [0x00007f3553eb9000, 0x00007f3555d71000)

Polling page: 0x00007f357c777000

Metaspace:

Usage:
  Non-class:     33.04 MB capacity,    32.20 MB ( 97%) used,   708.17 KB (  2%) free+waste,   151.69 KB ( <1%) overhead. 
      Class:      5.59 MB capacity,     5.01 MB ( 90%) used,   516.04 KB (  9%) free+waste,    77.00 KB (  1%) overhead. 
       Both:     38.63 MB capacity,    37.21 MB ( 96%) used,     1.20 MB (  3%) free+waste,   228.69 KB ( <1%) overhead. 

Virtual space:
  Non-class space:       34.00 MB reserved,      33.25 MB ( 98%) committed 
      Class space:        1.00 GB reserved,       5.62 MB ( <1%) committed 
             Both:        1.03 GB reserved,      38.87 MB (  4%) committed 

Chunk freelists:
   Non-Class:  11.00 KB
       Class:  5.00 KB
        Both:  16.00 KB

MaxMetaspaceSize: unlimited
CompressedClassSpaceSize: 1.00 GB

CodeHeap 'non-profiled nmethods': size=238948Kb used=8477Kb max_used=8477Kb free=230470Kb
 bounds [0x00007f355cfb7000, 0x00007f355d807000, 0x00007f356b910000]
CodeHeap 'non-nmethods': size=6812Kb used=1194Kb max_used=1194Kb free=5617Kb
 bounds [0x00007f355c910000, 0x00007f355cb80000, 0x00007f355cfb7000]
 total_blobs=5474 nmethods=4914 adapters=469
 compilation: enabled
              stopped_count=0, restarted_count=0
 full_count=0

Compilation events (20 events):
Event: 47.863 Thread 0x00007f357411c800 4939       1       sun.security.util.BitArray::position (10 bytes)
Event: 47.863 Thread 0x00007f357411c800 nmethod 4939 0x00007f355d7f9710 code [0x00007f355d7f98c0, 0x00007f355d7f99f0]
Event: 47.863 Thread 0x00007f357411c800 4937       1       sun.security.util.DerValue::getOctetString (146 bytes)
Event: 47.864 Thread 0x00007f357411c800 nmethod 4937 0x00007f355d7f9a90 code [0x00007f355d7f9d20, 0x00007f355d7fabf8]
Event: 47.870 Thread 0x00007f357411c800 4940       1       sun.security.x509.AVA::<init> (89 bytes)
Event: 47.871 Thread 0x00007f357411c800 nmethod 4940 0x00007f355d7fb110 code [0x00007f355d7fb360, 0x00007f355d7fbe68]
Event: 47.872 Thread 0x00007f357411c800 4941       1       sun.security.util.DerValue::<init> (7 bytes)
Event: 47.872 Thread 0x00007f357411c800 nmethod 4941 0x00007f355d7fc290 code [0x00007f355d7fc460, 0x00007f355d7fc708]
Event: 47.872 Thread 0x00007f357411c800 4942       1       sun.security.util.DerValue::<init> (23 bytes)
Event: 47.873 Thread 0x00007f357411c800 nmethod 4942 0x00007f355d7fc810 code [0x00007f355d7fc9e0, 0x00007f355d7fcc88]
Event: 47.873 Thread 0x00007f357411c800 4943       1       java.math.BigInteger::compareTo (71 bytes)
Event: 47.874 Thread 0x00007f357411c800 nmethod 4943 0x00007f355d7fcd90 code [0x00007f355d7fcf60, 0x00007f355d7fd138]
Event: 47.874 Thread 0x00007f357411c800 4944       1       sun.util.calendar.CalendarDate::setDayOfWeek (6 bytes)
Event: 47.874 Thread 0x00007f357411c800 nmethod 4944 0x00007f355d7fd210 code [0x00007f355d7fd3c0, 0x00007f355d7fd4f0]
Event: 47.874 Thread 0x00007f357411c800 4945       1       sun.security.util.DerValue::isContextSpecific (26 bytes)
Event: 47.875 Thread 0x00007f357411c800 nmethod 4945 0x00007f355d7fd590 code [0x00007f355d7fd740, 0x00007f355d7fd8d0]
Event: 47.877 Thread 0x00007f357411c800 4946       1       sun.security.util.BitArray::get (47 bytes)
Event: 47.879 Thread 0x00007f357411c800 nmethod 4946 0x00007f355d7fd990 code [0x00007f355d7fdb60, 0x00007f355d7fde18]
Event: 47.879 Thread 0x00007f357411c800 4947       1       sun.security.util.DerInputStream::getSequence (37 bytes)
Event: 47.880 Thread 0x00007f357411c800 nmethod 4947 0x00007f355d7fdf90 code [0x00007f355d7fe160, 0x00007f355d7fe3a8]

GC Heap History (17 events):
Event: 0.331 GC heap before
{Heap before GC invocations=0 (full 0):
 garbage-first heap   total 129024K, used 14020K [0x0000000085200000, 0x0000000100000000)
  region size 1024K, 14 young (14336K), 0 survivors (0K)
 Metaspace       used 1941K, capacity 4675K, committed 4864K, reserved 1056768K
  class space    used 241K, capacity 456K, committed 512K, reserved 1048576K
}
Event: 0.343 GC heap after
{Heap after GC invocations=1 (full 0):
 garbage-first heap   total 129024K, used 6583K [0x0000000085200000, 0x0000000100000000)
  region size 1024K, 2 young (2048K), 2 survivors (2048K)
 Metaspace       used 1941K, capacity 4675K, committed 4864K, reserved 1056768K
  class space    used 241K, capacity 456K, committed 512K, reserved 1048576K
}
Event: 0.591 GC heap before
{Heap before GC invocations=1 (full 0):
 garbage-first heap   total 129024K, used 15799K [0x0000000085200000, 0x0000000100000000)
  region size 1024K, 12 young (12288K), 2 survivors (2048K)
 Metaspace       used 5972K, capacity 6283K, committed 6528K, reserved 1056768K
  class space    used 746K, capacity 869K, committed 896K, reserved 1048576K
}
Event: 0.600 GC heap after
{Heap after GC invocations=2 (full 0):
 garbage-first heap   total 129024K, used 8115K [0x0000000085200000, 0x0000000100000000)
  region size 1024K, 2 young (2048K), 2 survivors (2048K)
 Metaspace       used 5972K, capacity 6283K, committed 6528K, reserved 1056768K
  class space    used 746K, capacity 869K, committed 896K, reserved 1048576K
}
Event: 0.747 GC heap before
{Heap before GC invocations=2 (full 0):
 garbage-first heap   total 129024K, used 31667K [0x0000000085200000, 0x0000000100000000)
  region size 1024K, 26 young (26624K), 2 survivors (2048K)
 Metaspace       used 7019K, capacity 7389K, committed 7552K, reserved 1056768K
  class space    used 877K, capacity 1028K, committed 1152K, reserved 1048576K
}
Event: 0.755 GC heap after
{Heap after GC invocations=3 (full 0):
 garbage-first heap   total 129024K, used 8453K [0x0000000085200000, 0x0000000100000000)
  region size 1024K, 2 young (2048K), 2 survivors (2048K)
 Metaspace       used 7019K, capacity 7389K, committed 7552K, reserved 1056768K
  class space    used 877K, capacity 1028K, committed 1152K, reserved 1048576K
}
Event: 1.046 GC heap before
{Heap before GC invocations=3 (full 0):
 garbage-first heap   total 129024K, used 44293K [0x0000000085200000, 0x0000000100000000)
  region size 1024K, 38 young (38912K), 2 survivors (2048K)
 Metaspace       used 11448K, capacity 11932K, committed 12032K, reserved 1058816K
  class space    used 1566K, capacity 1760K, committed 1792K, reserved 1048576K
}
Event: 1.056 GC heap after
{Heap after GC invocations=4 (full 0):
 garbage-first heap   total 129024K, used 9953K [0x0000000085200000, 0x0000000100000000)
  region size 1024K, 4 young (4096K), 4 survivors (4096K)
 Metaspace       used 11448K, capacity 11932K, committed 12032K, reserved 1058816K
  class space    used 1566K, capacity 1760K, committed 1792K, reserved 1048576K
}
Event: 1.697 GC heap before
{Heap before GC invocations=4 (full 0):
 garbage-first heap   total 129024K, used 77537K [0x0000000085200000, 0x0000000100000000)
  region size 1024K, 71 young (72704K), 4 survivors (4096K)
 Metaspace       used 20260K, capacity 21082K, committed 21248K, reserved 1067008K
  class space    used 2741K, capacity 3048K, committed 3072K, reserved 1048576K
}
Event: 1.711 GC heap after
{Heap after GC invocations=5 (full 0):
 garbage-first heap   total 197632K, used 12022K [0x0000000085200000, 0x0000000100000000)
  region size 1024K, 6 young (6144K), 6 survivors (6144K)
 Metaspace       used 20260K, capacity 21082K, committed 21248K, reserved 1067008K
  class space    used 2741K, capacity 3048K, committed 3072K, reserved 1048576K
}
Event: 2.743 GC heap before
{Heap before GC invocations=6 (full 0):
 garbage-first heap   total 197632K, used 111350K [0x0000000085200000, 0x0000000100000000)
  region size 1024K, 103 young (105472K), 6 survivors (6144K)
 Metaspace       used 23378K, capacity 24257K, committed 24576K, reserved 1071104K
  class space    used 3164K, capacity 3495K, committed 3584K, reserved 1048576K
}
Event: 2.769 GC heap after
{Heap after GC invocations=7 (full 0):
 garbage-first heap   total 197632K, used 15121K [0x0000000085200000, 0x0000000100000000)
  region size 1024K, 9 young (9216K), 9 survivors (9216K)
 Metaspace       used 23378K, capacity 24257K, committed 24576K, reserved 1071104K
  class space    used 3164K, capacity 3495K, committed 3584K, reserved 1048576K
}
Event: 5.779 GC heap before
{Heap before GC invocations=7 (full 0):
 garbage-first heap   total 197632K, used 123665K [0x0000000085200000, 0x0000000100000000)
  region size 1024K, 115 young (117760K), 9 survivors (9216K)
 Metaspace       used 32191K, capacity 33353K, committed 33536K, reserved 1077248K
  class space    used 4391K, capacity 4852K, committed 4864K, reserved 1048576K
}
Event: 5.829 GC heap after
{Heap after GC invocations=8 (full 0):
 garbage-first heap   total 197632K, used 20200K [0x0000000085200000, 0x0000000100000000)
  region size 1024K, 12 young (12288K), 12 survivors (12288K)
 Metaspace       used 32191K, capacity 33353K, committed 33536K, reserved 1077248K
  class space    used 4391K, capacity 4852K, committed 4864K, reserved 1048576K
}
Event: 6.620 GC heap before
{Heap before GC invocations=8 (full 0):
 garbage-first heap   total 197632K, used 36584K [0x0000000085200000, 0x0000000100000000)
  region size 1024K, 29 young (29696K), 12 survivors (12288K)
 Metaspace       used 34252K, capacity 35514K, committed 35584K, reserved 1079296K
  class space    used 4620K, capacity 5104K, committed 5120K, reserved 1048576K
}
Event: 6.667 GC heap after
{Heap after GC invocations=9 (full 0):
 garbage-first heap   total 197632K, used 21571K [0x0000000085200000, 0x0000000100000000)
  region size 1024K, 7 young (7168K), 7 survivors (7168K)
 Metaspace       used 34252K, capacity 35514K, committed 35584K, reserved 1079296K
  class space    used 4620K, capacity 5104K, committed 5120K, reserved 1048576K
}
Event: 47.900 GC heap before
{Heap before GC invocations=10 (full 0):
 garbage-first heap   total 197632K, used 128067K [0x0000000085200000, 0x0000000100000000)
  region size 1024K, 111 young (113664K), 7 survivors (7168K)
 Metaspace       used 38107K, capacity 39560K, committed 39800K, reserved 1083392K
  class space    used 5129K, capacity 5723K, committed 5752K, reserved 1048576K
}

Deoptimization events (4 events):
Event: 1.574 Thread 0x00007f34fc003000 DEOPT PACKING pc=0x00007f355d006644 sp=0x00007f3522cba850
Event: 1.574 Thread 0x00007f34fc003000 DEOPT UNPACKING pc=0x00007f355c93883a sp=0x00007f3522cb9d38 mode 0
Event: 1.618 Thread 0x00007f34fc003000 DEOPT PACKING pc=0x00007f355d1593bc sp=0x00007f3522cb8ea0
Event: 1.618 Thread 0x00007f34fc003000 DEOPT UNPACKING pc=0x00007f355c93883a sp=0x00007f3522cb83d8 mode 0

Classes redefined (0 events):
No events

Internal exceptions (20 events):
Event: 44.965 Thread 0x00007f3504001000 Exception <a 'java/lang/ClassNotFoundException'{0x000000008a51f0c8}: org/springframework/context/support/LiveBeansView> (0x000000008a51f0c8) thrown at [/build/openjdk-lts-iuKaMP/openjdk-lts-11.0.6+10/src/hotspot/share/classfile/systemDictionary.cpp, line 
Event: 44.965 Thread 0x00007f3504001000 Exception <a 'java/lang/ClassNotFoundException'{0x000000008a51f488}: org/springframework/context/support/LiveBeansView> (0x000000008a51f488) thrown at [/build/openjdk-lts-iuKaMP/openjdk-lts-11.0.6+10/src/hotspot/share/classfile/systemDictionary.cpp, line 
Event: 44.965 Thread 0x00007f3504001000 Exception <a 'java/lang/ClassNotFoundException'{0x000000008a51f848}: org/springframework/context/support/LiveBeansView> (0x000000008a51f848) thrown at [/build/openjdk-lts-iuKaMP/openjdk-lts-11.0.6+10/src/hotspot/share/classfile/systemDictionary.cpp, line 
Event: 44.965 Thread 0x00007f3504001000 Exception <a 'java/lang/ClassNotFoundException'{0x000000008a51fc00}: org/springframework/context/support/LiveBeansView> (0x000000008a51fc00) thrown at [/build/openjdk-lts-iuKaMP/openjdk-lts-11.0.6+10/src/hotspot/share/classfile/systemDictionary.cpp, line 
Event: 44.965 Thread 0x00007f3504001000 Exception <a 'java/lang/ClassNotFoundException'{0x000000008a51ffc0}: org/springframework/context/support/LiveBeansView> (0x000000008a51ffc0) thrown at [/build/openjdk-lts-iuKaMP/openjdk-lts-11.0.6+10/src/hotspot/share/classfile/systemDictionary.cpp, line 
Event: 44.965 Thread 0x00007f3504001000 Exception <a 'java/lang/ClassNotFoundException'{0x000000008a520360}: org/springframework/context/support/LiveBeansView> (0x000000008a520360) thrown at [/build/openjdk-lts-iuKaMP/openjdk-lts-11.0.6+10/src/hotspot/share/classfile/systemDictionary.cpp, line 
Event: 44.965 Thread 0x00007f3504001000 Exception <a 'java/lang/ClassNotFoundException'{0x000000008a520718}: org/springframework/context/support/LiveBeansView> (0x000000008a520718) thrown at [/build/openjdk-lts-iuKaMP/openjdk-lts-11.0.6+10/src/hotspot/share/classfile/systemDictionary.cpp, line 
Event: 44.965 Thread 0x00007f3504001000 Exception <a 'java/lang/ClassNotFoundException'{0x000000008a520ac8}: org/springframework/context/support/LiveBeansView> (0x000000008a520ac8) thrown at [/build/openjdk-lts-iuKaMP/openjdk-lts-11.0.6+10/src/hotspot/share/classfile/systemDictionary.cpp, line 
Event: 44.965 Thread 0x00007f3504001000 Exception <a 'java/lang/ClassNotFoundException'{0x000000008a520e70}: org/springframework/context/support/LiveBeansView> (0x000000008a520e70) thrown at [/build/openjdk-lts-iuKaMP/openjdk-lts-11.0.6+10/src/hotspot/share/classfile/systemDictionary.cpp, line 
Event: 44.965 Thread 0x00007f3504001000 Exception <a 'java/lang/ClassNotFoundException'{0x000000008a521218}: org/springframework/context/support/LiveBeansView> (0x000000008a521218) thrown at [/build/openjdk-lts-iuKaMP/openjdk-lts-11.0.6+10/src/hotspot/share/classfile/systemDictionary.cpp, line 
Event: 44.965 Thread 0x00007f3504001000 Exception <a 'java/lang/ClassNotFoundException'{0x000000008a5215d8}: org/springframework/context/support/LiveBeansView> (0x000000008a5215d8) thrown at [/build/openjdk-lts-iuKaMP/openjdk-lts-11.0.6+10/src/hotspot/share/classfile/systemDictionary.cpp, line 
Event: 44.965 Thread 0x00007f3504001000 Exception <a 'java/lang/ClassNotFoundException'{0x000000008a521980}: org/springframework/context/support/LiveBeansView> (0x000000008a521980) thrown at [/build/openjdk-lts-iuKaMP/openjdk-lts-11.0.6+10/src/hotspot/share/classfile/systemDictionary.cpp, line 
Event: 44.965 Thread 0x00007f3504001000 Exception <a 'java/lang/ClassNotFoundException'{0x000000008a521d40}: org/springframework/context/support/LiveBeansView> (0x000000008a521d40) thrown at [/build/openjdk-lts-iuKaMP/openjdk-lts-11.0.6+10/src/hotspot/share/classfile/systemDictionary.cpp, line 
Event: 45.081 Thread 0x00007f3504001000 Exception <a 'java/lang/ClassNotFoundException'{0x000000008a558f28}: org/springframework/context/support/LiveBeansView> (0x000000008a558f28) thrown at [/build/openjdk-lts-iuKaMP/openjdk-lts-11.0.6+10/src/hotspot/share/classfile/systemDictionary.cpp, line 
Event: 45.089 Thread 0x00007f3504001000 Exception <a 'java/lang/ClassNotFoundException'{0x000000008a5592e0}: org/springframework/context/support/LiveBeansView> (0x000000008a5592e0) thrown at [/build/openjdk-lts-iuKaMP/openjdk-lts-11.0.6+10/src/hotspot/share/classfile/systemDictionary.cpp, line 
Event: 45.089 Thread 0x00007f3504001000 Exception <a 'java/lang/ClassNotFoundException'{0x000000008a5596a8}: org/springframework/context/support/LiveBeansView> (0x000000008a5596a8) thrown at [/build/openjdk-lts-iuKaMP/openjdk-lts-11.0.6+10/src/hotspot/share/classfile/systemDictionary.cpp, line 
Event: 45.090 Thread 0x00007f3504001000 Exception <a 'java/lang/ClassNotFoundException'{0x000000008a559a58}: org/springframework/context/support/LiveBeansView> (0x000000008a559a58) thrown at [/build/openjdk-lts-iuKaMP/openjdk-lts-11.0.6+10/src/hotspot/share/classfile/systemDictionary.cpp, line 
Event: 45.090 Thread 0x00007f3504001000 Exception <a 'java/lang/ClassNotFoundException'{0x000000008a559e08}: org/springframework/context/support/LiveBeansView> (0x000000008a559e08) thrown at [/build/openjdk-lts-iuKaMP/openjdk-lts-11.0.6+10/src/hotspot/share/classfile/systemDictionary.cpp, line 
Event: 45.300 Thread 0x00007f3504001000 Exception <a 'java/security/PrivilegedActionException'{0x000000008a55d1a0}> (0x000000008a55d1a0) thrown at [/build/openjdk-lts-iuKaMP/openjdk-lts-11.0.6+10/src/hotspot/share/prims/jvm.cpp, line 1297]
Event: 45.302 Thread 0x00007f3504001000 Exception <a 'java/lang/reflect/InvocationTargetException'{0x000000008a55d470}> (0x000000008a55d470) thrown at [/build/openjdk-lts-iuKaMP/openjdk-lts-11.0.6+10/src/hotspot/share/runtime/reflection.cpp, line 1247]

Events (20 events):
Event: 46.745 loading class sun/security/provider/JavaKeyStore
Event: 46.748 loading class sun/security/provider/JavaKeyStore done
Event: 46.748 loading class sun/security/provider/JavaKeyStore$JKS done
Event: 46.782 loading class sun/security/action/OpenFileInputStreamAction
Event: 46.789 loading class sun/security/action/OpenFileInputStreamAction done
Event: 46.855 loading class sun/security/provider/JavaKeyStore$TrustedCertEntry
Event: 46.953 loading class sun/security/provider/JavaKeyStore$TrustedCertEntry done
Event: 47.514 loading class java/security/interfaces/ECPublicKey
Event: 47.596 loading class java/security/interfaces/ECPublicKey done
Event: 47.843 loading class sun/security/x509/PrivateKeyUsageExtension
Event: 47.853 loading class sun/security/x509/PrivateKeyUsageExtension done
Event: 47.854 loading class java/security/cert/CertificateException
Event: 47.856 loading class java/security/cert/CertificateException done
Event: 47.863 loading class sun/security/x509/NameConstraintsExtension
Event: 47.865 loading class sun/security/x509/NameConstraintsExtension done
Event: 47.865 loading class sun/security/x509/GeneralSubtrees
Event: 47.868 loading class sun/security/x509/GeneralSubtrees done
Event: 47.868 loading class sun/security/x509/GeneralSubtree
Event: 47.869 loading class sun/security/x509/GeneralSubtree done
Event: 47.890 Executing VM operation: G1CollectForAllocation


Dynamic libraries:
85200000-91100000 rw-p 00000000 00:00 0 
97c00000-ffe00000 ---p 00000000 00:00 0 
ffe00000-ffe47000 rw-p 01105000 08:02 30156413                           /usr/lib/jvm/java-11-openjdk-amd64/lib/server/classes.jsa
ffe47000-fff00000 rw-p 00000000 00:00 0 
fff00000-fff6a000 rw-p 0109b000 08:02 30156413                           /usr/lib/jvm/java-11-openjdk-amd64/lib/server/classes.jsa
fff6a000-100000000 rw-p 00000000 00:00 0 
800000000-800002000 rwxp 00001000 08:02 30156413                         /usr/lib/jvm/java-11-openjdk-amd64/lib/server/classes.jsa
800002000-8003b8000 rw-p 00003000 08:02 30156413                         /usr/lib/jvm/java-11-openjdk-amd64/lib/server/classes.jsa
8003b8000-800a8d000 r--p 003b9000 08:02 30156413                         /usr/lib/jvm/java-11-openjdk-amd64/lib/server/classes.jsa
800a8d000-800a8e000 rw-p 00a8e000 08:02 30156413                         /usr/lib/jvm/java-11-openjdk-amd64/lib/server/classes.jsa
800a8e000-80109a000 r--p 00a8f000 08:02 30156413                         /usr/lib/jvm/java-11-openjdk-amd64/lib/server/classes.jsa
840000000-84059e000 rw-p 00000000 00:00 0 
84059e000-880000000 ---p 00000000 00:00 0 
562a17592000-562a17593000 r-xp 00000000 08:02 26478549                   /usr/lib/jvm/java-11-openjdk-amd64/bin/java
562a17793000-562a17794000 r--p 00001000 08:02 26478549                   /usr/lib/jvm/java-11-openjdk-amd64/bin/java
562a17794000-562a17795000 rw-p 00002000 08:02 26478549                   /usr/lib/jvm/java-11-openjdk-amd64/bin/java
562a18158000-562a1819a000 rw-p 00000000 00:00 0                          [heap]
7f34dc000000-7f34dc021000 rw-p 00000000 00:00 0 
7f34dc021000-7f34e0000000 ---p 00000000 00:00 0 
7f34e4000000-7f34e4021000 rw-p 00000000 00:00 0 
7f34e4021000-7f34e8000000 ---p 00000000 00:00 0 
7f34e8000000-7f34e8021000 rw-p 00000000 00:00 0 
7f34e8021000-7f34ec000000 ---p 00000000 00:00 0 
7f34ec000000-7f34ec059000 rw-p 00000000 00:00 0 
7f34ec059000-7f34f0000000 ---p 00000000 00:00 0 
7f34f0000000-7f34f0021000 rw-p 00000000 00:00 0 
7f34f0021000-7f34f4000000 ---p 00000000 00:00 0 
7f34f4000000-7f34f5152000 rw-p 00000000 00:00 0 
7f34f5152000-7f34f8000000 ---p 00000000 00:00 0 
7f34f8000000-7f34f834a000 rw-p 00000000 00:00 0 
7f34f834a000-7f34fc000000 ---p 00000000 00:00 0 
7f34fc000000-7f34fc021000 rw-p 00000000 00:00 0 
7f34fc021000-7f3500000000 ---p 00000000 00:00 0 
7f3500000000-7f3500021000 rw-p 00000000 00:00 0 
7f3500021000-7f3504000000 ---p 00000000 00:00 0 
7f3504000000-7f3504021000 rw-p 00000000 00:00 0 
7f3504021000-7f3508000000 ---p 00000000 00:00 0 
7f3508000000-7f3508021000 rw-p 00000000 00:00 0 
7f3508021000-7f350c000000 ---p 00000000 00:00 0 
7f350c000000-7f350c021000 rw-p 00000000 00:00 0 
7f350c021000-7f3510000000 ---p 00000000 00:00 0 
7f3510000000-7f3510021000 rw-p 00000000 00:00 0 
7f3510021000-7f3514000000 ---p 00000000 00:00 0 
7f3514000000-7f3514021000 rw-p 00000000 00:00 0 
7f3514021000-7f3518000000 ---p 00000000 00:00 0 
7f3518000000-7f3518021000 rw-p 00000000 00:00 0 
7f3518021000-7f351c000000 ---p 00000000 00:00 0 
7f351c000000-7f351c021000 rw-p 00000000 00:00 0 
7f351c021000-7f3520000000 ---p 00000000 00:00 0 
7f3520362000-7f352038c000 r-xp 00000000 08:02 28979057                   /usr/lib/jvm/java-11-openjdk-amd64/lib/libsunec.so
7f352038c000-7f352058b000 ---p 0002a000 08:02 28979057                   /usr/lib/jvm/java-11-openjdk-amd64/lib/libsunec.so
7f352058b000-7f352058f000 r--p 00029000 08:02 28979057                   /usr/lib/jvm/java-11-openjdk-amd64/lib/libsunec.so
7f352058f000-7f3520591000 rw-p 0002d000 08:02 28979057                   /usr/lib/jvm/java-11-openjdk-amd64/lib/libsunec.so
7f3520591000-7f3520595000 ---p 00000000 00:00 0 
7f3520595000-7f35207d2000 rw-p 00000000 00:00 0 
7f35207d2000-7f3520892000 ---p 00000000 00:00 0 
7f3520892000-7f3520896000 ---p 00000000 00:00 0 
7f3520896000-7f3520b93000 rw-p 00000000 00:00 0 
7f3520b93000-7f3520d93000 rw-p 00000000 00:00 0 
7f3520d93000-7f3520d97000 ---p 00000000 00:00 0 
7f3520d97000-7f3520e94000 rw-p 00000000 00:00 0 
7f3520e94000-7f3520e98000 ---p 00000000 00:00 0 
7f3520e98000-7f3521195000 rw-p 00000000 00:00 0 
7f3521195000-7f3521395000 rw-p 00000000 00:00 0 
7f3521395000-7f3521595000 rw-p 00000000 00:00 0 
7f3521595000-7f3521795000 rw-p 00000000 00:00 0 
7f3521795000-7f3521995000 rw-p 00000000 00:00 0 
7f3521995000-7f3521b95000 rw-p 00000000 00:00 0 
7f3521b95000-7f3521d95000 rw-p 00000000 00:00 0 
7f3521d95000-7f3521f95000 rw-p 00000000 00:00 0 
7f3521f95000-7f3522195000 rw-p 00000000 00:00 0 
7f3522195000-7f35221ac000 r-xp 00000000 08:02 15340312                   /lib/x86_64-linux-gnu/libresolv-2.27.so
7f35221ac000-7f35223ac000 ---p 00017000 08:02 15340312                   /lib/x86_64-linux-gnu/libresolv-2.27.so
7f35223ac000-7f35223ad000 r--p 00017000 08:02 15340312                   /lib/x86_64-linux-gnu/libresolv-2.27.so
7f35223ad000-7f35223ae000 rw-p 00018000 08:02 15340312                   /lib/x86_64-linux-gnu/libresolv-2.27.so
7f35223ae000-7f35223b0000 rw-p 00000000 00:00 0 
7f35223b0000-7f35223b5000 r-xp 00000000 08:02 15340261                   /lib/x86_64-linux-gnu/libnss_dns-2.27.so
7f35223b5000-7f35225b5000 ---p 00005000 08:02 15340261                   /lib/x86_64-linux-gnu/libnss_dns-2.27.so
7f35225b5000-7f35225b6000 r--p 00005000 08:02 15340261                   /lib/x86_64-linux-gnu/libnss_dns-2.27.so
7f35225b6000-7f35225b7000 rw-p 00006000 08:02 15340261                   /lib/x86_64-linux-gnu/libnss_dns-2.27.so
7f35225b7000-7f35225b9000 r-xp 00000000 08:02 15340269                   /lib/x86_64-linux-gnu/libnss_mdns4_minimal.so.2
7f35225b9000-7f35227b8000 ---p 00002000 08:02 15340269                   /lib/x86_64-linux-gnu/libnss_mdns4_minimal.so.2
7f35227b8000-7f35227b9000 r--p 00001000 08:02 15340269                   /lib/x86_64-linux-gnu/libnss_mdns4_minimal.so.2
7f35227b9000-7f35227ba000 rw-p 00002000 08:02 15340269                   /lib/x86_64-linux-gnu/libnss_mdns4_minimal.so.2
7f35227ba000-7f35227be000 ---p 00000000 00:00 0 
7f35227be000-7f3522abb000 rw-p 00000000 00:00 0 
7f3522abb000-7f3522abf000 ---p 00000000 00:00 0 
7f3522abf000-7f3522bbc000 rw-p 00000000 00:00 0 
7f3522bbc000-7f3522bc0000 ---p 00000000 00:00 0 
7f3522bc0000-7f3522cbd000 rw-p 00000000 00:00 0 
7f3522cbd000-7f3522cbe000 ---p 00000000 00:00 0 
7f3522cbe000-7f3522dbf000 rw-p 00000000 00:00 0 
7f3522dbf000-7f3522dc3000 ---p 00000000 00:00 0 
7f3522dc3000-7f3522ec0000 rw-p 00000000 00:00 0 
7f3522ec0000-7f3522ec1000 ---p 00000000 00:00 0 
7f3522ec1000-7f3522fc2000 rw-p 00000000 00:00 0 
7f3522fc2000-7f3522fc6000 ---p 00000000 00:00 0 
7f3522fc6000-7f35230c3000 rw-p 00000000 00:00 0 
7f35230c3000-7f35230c7000 ---p 00000000 00:00 0 
7f35230c7000-7f35231c4000 rw-p 00000000 00:00 0 
7f35231c4000-7f35231c8000 ---p 00000000 00:00 0 
7f35231c8000-7f35232c5000 rw-p 00000000 00:00 0 
7f35232c5000-7f35232c7000 r-xp 00000000 08:02 28979032                   /usr/lib/jvm/java-11-openjdk-amd64/lib/libextnet.so
7f35232c7000-7f35234c6000 ---p 00002000 08:02 28979032                   /usr/lib/jvm/java-11-openjdk-amd64/lib/libextnet.so
7f35234c6000-7f35234c7000 r--p 00001000 08:02 28979032                   /usr/lib/jvm/java-11-openjdk-amd64/lib/libextnet.so
7f35234c7000-7f35234c8000 rw-p 00002000 08:02 28979032                   /usr/lib/jvm/java-11-openjdk-amd64/lib/libextnet.so
7f35234c8000-7f35234c9000 ---p 00000000 00:00 0 
7f35234c9000-7f35235ca000 rw-p 00000000 00:00 0 
7f35235ca000-7f35235cb000 ---p 00000000 00:00 0 
7f35235cb000-7f35236cc000 rw-p 00000000 00:00 0 
7f35236cc000-7f35236d1000 r-xp 00000000 08:02 28979049                   /usr/lib/jvm/java-11-openjdk-amd64/lib/libmanagement_ext.so
7f35236d1000-7f35238d0000 ---p 00005000 08:02 28979049                   /usr/lib/jvm/java-11-openjdk-amd64/lib/libmanagement_ext.so
7f35238d0000-7f35238d1000 r--p 00004000 08:02 28979049                   /usr/lib/jvm/java-11-openjdk-amd64/lib/libmanagement_ext.so
7f35238d1000-7f35238d2000 rw-p 00005000 08:02 28979049                   /usr/lib/jvm/java-11-openjdk-amd64/lib/libmanagement_ext.so
7f35238d2000-7f35238d6000 r-xp 00000000 08:02 28979047                   /usr/lib/jvm/java-11-openjdk-amd64/lib/libmanagement.so
7f35238d6000-7f3523ad5000 ---p 00004000 08:02 28979047                   /usr/lib/jvm/java-11-openjdk-amd64/lib/libmanagement.so
7f3523ad5000-7f3523ad6000 r--p 00003000 08:02 28979047                   /usr/lib/jvm/java-11-openjdk-amd64/lib/libmanagement.so
7f3523ad6000-7f3523ad7000 rw-p 00004000 08:02 28979047                   /usr/lib/jvm/java-11-openjdk-amd64/lib/libmanagement.so
7f3523ad7000-7f3523aed000 r-xp 00000000 08:02 28979051                   /usr/lib/jvm/java-11-openjdk-amd64/lib/libnet.so
7f3523aed000-7f3523cec000 ---p 00016000 08:02 28979051                   /usr/lib/jvm/java-11-openjdk-amd64/lib/libnet.so
7f3523cec000-7f3523ced000 r--p 00015000 08:02 28979051                   /usr/lib/jvm/java-11-openjdk-amd64/lib/libnet.so
7f3523ced000-7f3523cee000 rw-p 00016000 08:02 28979051                   /usr/lib/jvm/java-11-openjdk-amd64/lib/libnet.so
7f3523cee000-7f3523cfe000 r-xp 00000000 08:02 28979052                   /usr/lib/jvm/java-11-openjdk-amd64/lib/libnio.so
7f3523cfe000-7f3523efd000 ---p 00010000 08:02 28979052                   /usr/lib/jvm/java-11-openjdk-amd64/lib/libnio.so
7f3523efd000-7f3523efe000 r--p 0000f000 08:02 28979052                   /usr/lib/jvm/java-11-openjdk-amd64/lib/libnio.so
7f3523efe000-7f3523eff000 rw-p 00010000 08:02 28979052                   /usr/lib/jvm/java-11-openjdk-amd64/lib/libnio.so
7f3523eff000-7f3523f03000 ---p 00000000 00:00 0 
7f3523f03000-7f3524000000 rw-p 00000000 00:00 0 
7f3524000000-7f3524021000 rw-p 00000000 00:00 0 
7f3524021000-7f3528000000 ---p 00000000 00:00 0 
7f3528000000-7f3528021000 rw-p 00000000 00:00 0 
7f3528021000-7f352c000000 ---p 00000000 00:00 0 
7f352c000000-7f352c021000 rw-p 00000000 00:00 0 
7f352c021000-7f3530000000 ---p 00000000 00:00 0 
7f3530000000-7f353039c000 rw-p 00000000 00:00 0 
7f353039c000-7f3534000000 ---p 00000000 00:00 0 
7f3534000000-7f3534021000 rw-p 00000000 00:00 0 
7f3534021000-7f3538000000 ---p 00000000 00:00 0 
7f3538000000-7f3538021000 rw-p 00000000 00:00 0 
7f3538021000-7f353c000000 ---p 00000000 00:00 0 
7f353c000000-7f353c021000 rw-p 00000000 00:00 0 
7f353c021000-7f3540000000 ---p 00000000 00:00 0 
7f3540000000-7f354004e000 rw-p 00000000 00:00 0 
7f354004e000-7f3544000000 ---p 00000000 00:00 0 
7f3544000000-7f3544021000 rw-p 00000000 00:00 0 
7f3544021000-7f3548000000 ---p 00000000 00:00 0 
7f3548000000-7f3548021000 rw-p 00000000 00:00 0 
7f3548021000-7f354c000000 ---p 00000000 00:00 0 
7f354c000000-7f354c021000 rw-p 00000000 00:00 0 
7f354c021000-7f3550000000 ---p 00000000 00:00 0 
7f355005a000-7f355005e000 ---p 00000000 00:00 0 
7f355005e000-7f355015b000 rw-p 00000000 00:00 0 
7f355015b000-7f355015f000 ---p 00000000 00:00 0 
7f355015f000-7f355025c000 rw-p 00000000 00:00 0 
7f355025c000-7f3550260000 ---p 00000000 00:00 0 
7f3550260000-7f355035d000 rw-p 00000000 00:00 0 
7f355035d000-7f3550361000 ---p 00000000 00:00 0 
7f3550361000-7f355045e000 rw-p 00000000 00:00 0 
7f355045e000-7f3550e2d000 r--p 00000000 08:02 26483310                   /usr/lib/locale/locale-archive
7f3550e2d000-7f3550e31000 ---p 00000000 00:00 0 
7f3550e31000-7f3550f2e000 rw-p 00000000 00:00 0 
7f3550f2e000-7f3550f32000 ---p 00000000 00:00 0 
7f3550f32000-7f355102f000 rw-p 00000000 00:00 0 
7f355102f000-7f3551030000 ---p 00000000 00:00 0 
7f3551030000-7f35519b2000 rw-p 00000000 00:00 0 
7f35519b2000-7f35519b3000 ---p 00000000 00:00 0 
7f35519b3000-7f3551ab4000 rw-p 00000000 00:00 0 
7f3551ab4000-7f3551ab5000 ---p 00000000 00:00 0 
7f3551ab5000-7f35541b5000 rw-p 00000000 00:00 0 
7f35541b5000-7f3555d69000 ---p 00000000 00:00 0 
7f3555d69000-7f355606d000 rw-p 00000000 00:00 0 
7f355606d000-7f3557c21000 ---p 00000000 00:00 0 
7f3557c21000-7f3557c89000 rw-p 00000000 00:00 0 
7f3557c89000-7f3557fff000 ---p 00000000 00:00 0 
7f3557fff000-7f3558000000 rw-p 00000000 00:00 0 
7f3558000000-7f3558021000 rw-p 00000000 00:00 0 
7f3558021000-7f355c000000 ---p 00000000 00:00 0 
7f355c006000-7f355c1c2000 rw-p 00000000 00:00 0 
7f355c1c2000-7f355c538000 ---p 00000000 00:00 0 
7f355c538000-7f355c599000 rw-p 00000000 00:00 0 
7f355c599000-7f355c90f000 ---p 00000000 00:00 0 
7f355c90f000-7f355c910000 rw-p 00000000 00:00 0 
7f355c910000-7f355cb80000 rwxp 00000000 00:00 0 
7f355cb80000-7f355cfb7000 ---p 00000000 00:00 0 
7f355cfb7000-7f355d807000 rwxp 00000000 00:00 0 
7f355d807000-7f356b910000 ---p 00000000 00:00 0 
7f356b910000-7f3574000000 r--s 00000000 08:02 28979061                   /usr/lib/jvm/java-11-openjdk-amd64/lib/modules
7f3574000000-7f3574a9a000 rw-p 00000000 00:00 0 
7f3574a9a000-7f3578000000 ---p 00000000 00:00 0 
7f357800e000-7f357803f000 rw-p 00000000 00:00 0 
7f357803f000-7f3578040000 ---p 00000000 00:00 0 
7f3578040000-7f3578141000 rw-p 00000000 00:00 0 
7f3578141000-7f3578142000 ---p 00000000 00:00 0 
7f3578142000-7f3578647000 rw-p 00000000 00:00 0 
7f3578647000-7f3578648000 ---p 00000000 00:00 0 
7f3578648000-7f357875a000 rw-p 00000000 00:00 0 
7f357875a000-7f357891c000 ---p 00000000 00:00 0 
7f357891c000-7f3578921000 r-xp 00000000 08:02 28979043                   /usr/lib/jvm/java-11-openjdk-amd64/lib/libjimage.so
7f3578921000-7f3578b20000 ---p 00005000 08:02 28979043                   /usr/lib/jvm/java-11-openjdk-amd64/lib/libjimage.so
7f3578b20000-7f3578b21000 r--p 00004000 08:02 28979043                   /usr/lib/jvm/java-11-openjdk-amd64/lib/libjimage.so
7f3578b21000-7f3578b22000 rw-p 00005000 08:02 28979043                   /usr/lib/jvm/java-11-openjdk-amd64/lib/libjimage.so
7f3578b22000-7f3578b29000 r-xp 00000000 08:02 28979060                   /usr/lib/jvm/java-11-openjdk-amd64/lib/libzip.so
7f3578b29000-7f3578d28000 ---p 00007000 08:02 28979060                   /usr/lib/jvm/java-11-openjdk-amd64/lib/libzip.so
7f3578d28000-7f3578d29000 r--p 00006000 08:02 28979060                   /usr/lib/jvm/java-11-openjdk-amd64/lib/libzip.so
7f3578d29000-7f3578d2a000 rw-p 00007000 08:02 28979060                   /usr/lib/jvm/java-11-openjdk-amd64/lib/libzip.so
7f3578d2a000-7f3578d35000 r-xp 00000000 08:02 15340263                   /lib/x86_64-linux-gnu/libnss_files-2.27.so
7f3578d35000-7f3578f34000 ---p 0000b000 08:02 15340263                   /lib/x86_64-linux-gnu/libnss_files-2.27.so
7f3578f34000-7f3578f35000 r--p 0000a000 08:02 15340263                   /lib/x86_64-linux-gnu/libnss_files-2.27.so
7f3578f35000-7f3578f36000 rw-p 0000b000 08:02 15340263                   /lib/x86_64-linux-gnu/libnss_files-2.27.so
7f3578f36000-7f3578f3c000 rw-p 00000000 00:00 0 
7f3578f3c000-7f3578f53000 r-xp 00000000 08:02 15340257                   /lib/x86_64-linux-gnu/libnsl-2.27.so
7f3578f53000-7f3579152000 ---p 00017000 08:02 15340257                   /lib/x86_64-linux-gnu/libnsl-2.27.so
7f3579152000-7f3579153000 r--p 00016000 08:02 15340257                   /lib/x86_64-linux-gnu/libnsl-2.27.so
7f3579153000-7f3579154000 rw-p 00017000 08:02 15340257                   /lib/x86_64-linux-gnu/libnsl-2.27.so
7f3579154000-7f3579156000 rw-p 00000000 00:00 0 
7f3579156000-7f3579161000 r-xp 00000000 08:02 15340274                   /lib/x86_64-linux-gnu/libnss_nis-2.27.so
7f3579161000-7f3579360000 ---p 0000b000 08:02 15340274                   /lib/x86_64-linux-gnu/libnss_nis-2.27.so
7f3579360000-7f3579361000 r--p 0000a000 08:02 15340274                   /lib/x86_64-linux-gnu/libnss_nis-2.27.so
7f3579361000-7f3579362000 rw-p 0000b000 08:02 15340274                   /lib/x86_64-linux-gnu/libnss_nis-2.27.so
7f3579362000-7f357936a000 r-xp 00000000 08:02 15340259                   /lib/x86_64-linux-gnu/libnss_compat-2.27.so
7f357936a000-7f357956a000 ---p 00008000 08:02 15340259                   /lib/x86_64-linux-gnu/libnss_compat-2.27.so
7f357956a000-7f357956b000 r--p 00008000 08:02 15340259                   /lib/x86_64-linux-gnu/libnss_compat-2.27.so
7f357956b000-7f357956c000 rw-p 00009000 08:02 15340259                   /lib/x86_64-linux-gnu/libnss_compat-2.27.so
7f357956c000-7f3579595000 r-xp 00000000 08:02 28979039                   /usr/lib/jvm/java-11-openjdk-amd64/lib/libjava.so
7f3579595000-7f3579794000 ---p 00029000 08:02 28979039                   /usr/lib/jvm/java-11-openjdk-amd64/lib/libjava.so
7f3579794000-7f3579795000 r--p 00028000 08:02 28979039                   /usr/lib/jvm/java-11-openjdk-amd64/lib/libjava.so
7f3579795000-7f3579797000 rw-p 00029000 08:02 28979039                   /usr/lib/jvm/java-11-openjdk-amd64/lib/libjava.so
7f3579797000-7f35797a4000 r-xp 00000000 08:02 28979059                   /usr/lib/jvm/java-11-openjdk-amd64/lib/libverify.so
7f35797a4000-7f35799a3000 ---p 0000d000 08:02 28979059                   /usr/lib/jvm/java-11-openjdk-amd64/lib/libverify.so
7f35799a3000-7f35799a5000 r--p 0000c000 08:02 28979059                   /usr/lib/jvm/java-11-openjdk-amd64/lib/libverify.so
7f35799a5000-7f35799a6000 rw-p 0000e000 08:02 28979059                   /usr/lib/jvm/java-11-openjdk-amd64/lib/libverify.so
7f35799a6000-7f35799ad000 r-xp 00000000 08:02 15340314                   /lib/x86_64-linux-gnu/librt-2.27.so
7f35799ad000-7f3579bac000 ---p 00007000 08:02 15340314                   /lib/x86_64-linux-gnu/librt-2.27.so
7f3579bac000-7f3579bad000 r--p 00006000 08:02 15340314                   /lib/x86_64-linux-gnu/librt-2.27.so
7f3579bad000-7f3579bae000 rw-p 00007000 08:02 15340314                   /lib/x86_64-linux-gnu/librt-2.27.so
7f3579bae000-7f3579bc5000 r-xp 00000000 08:02 15335464                   /lib/x86_64-linux-gnu/libgcc_s.so.1
7f3579bc5000-7f3579dc4000 ---p 00017000 08:02 15335464                   /lib/x86_64-linux-gnu/libgcc_s.so.1
7f3579dc4000-7f3579dc5000 r--p 00016000 08:02 15335464                   /lib/x86_64-linux-gnu/libgcc_s.so.1
7f3579dc5000-7f3579dc6000 rw-p 00017000 08:02 15335464                   /lib/x86_64-linux-gnu/libgcc_s.so.1
7f3579dc6000-7f3579f63000 r-xp 00000000 08:02 15340236                   /lib/x86_64-linux-gnu/libm-2.27.so
7f3579f63000-7f357a162000 ---p 0019d000 08:02 15340236                   /lib/x86_64-linux-gnu/libm-2.27.so
7f357a162000-7f357a163000 r--p 0019c000 08:02 15340236                   /lib/x86_64-linux-gnu/libm-2.27.so
7f357a163000-7f357a164000 rw-p 0019d000 08:02 15340236                   /lib/x86_64-linux-gnu/libm-2.27.so
7f357a164000-7f357a2dd000 r-xp 00000000 08:02 26483109                   /usr/lib/x86_64-linux-gnu/libstdc++.so.6.0.25
7f357a2dd000-7f357a4dd000 ---p 00179000 08:02 26483109                   /usr/lib/x86_64-linux-gnu/libstdc++.so.6.0.25
7f357a4dd000-7f357a4e7000 r--p 00179000 08:02 26483109                   /usr/lib/x86_64-linux-gnu/libstdc++.so.6.0.25
7f357a4e7000-7f357a4e9000 rw-p 00183000 08:02 26483109                   /usr/lib/x86_64-linux-gnu/libstdc++.so.6.0.25
7f357a4e9000-7f357a4ed000 rw-p 00000000 00:00 0 
7f357a4ed000-7f357b5c6000 r-xp 00000000 08:02 30156412                   /usr/lib/jvm/java-11-openjdk-amd64/lib/server/libjvm.so
7f357b5c6000-7f357b7c5000 ---p 010d9000 08:02 30156412                   /usr/lib/jvm/java-11-openjdk-amd64/lib/server/libjvm.so
7f357b7c5000-7f357b882000 r--p 010d8000 08:02 30156412                   /usr/lib/jvm/java-11-openjdk-amd64/lib/server/libjvm.so
7f357b882000-7f357b8bc000 rw-p 01195000 08:02 30156412                   /usr/lib/jvm/java-11-openjdk-amd64/lib/server/libjvm.so
7f357b8bc000-7f357b912000 rw-p 00000000 00:00 0 
7f357b912000-7f357b92c000 r-xp 00000000 08:02 15340306                   /lib/x86_64-linux-gnu/libpthread-2.27.so
7f357b92c000-7f357bb2b000 ---p 0001a000 08:02 15340306                   /lib/x86_64-linux-gnu/libpthread-2.27.so
7f357bb2b000-7f357bb2c000 r--p 00019000 08:02 15340306                   /lib/x86_64-linux-gnu/libpthread-2.27.so
7f357bb2c000-7f357bb2d000 rw-p 0001a000 08:02 15340306                   /lib/x86_64-linux-gnu/libpthread-2.27.so
7f357bb2d000-7f357bb31000 rw-p 00000000 00:00 0 
7f357bb31000-7f357bb34000 r-xp 00000000 08:02 15340196                   /lib/x86_64-linux-gnu/libdl-2.27.so
7f357bb34000-7f357bd33000 ---p 00003000 08:02 15340196                   /lib/x86_64-linux-gnu/libdl-2.27.so
7f357bd33000-7f357bd34000 r--p 00002000 08:02 15340196                   /lib/x86_64-linux-gnu/libdl-2.27.so
7f357bd34000-7f357bd35000 rw-p 00003000 08:02 15340196                   /lib/x86_64-linux-gnu/libdl-2.27.so
7f357bd35000-7f357bd51000 r-xp 00000000 08:02 15340345                   /lib/x86_64-linux-gnu/libz.so.1.2.11
7f357bd51000-7f357bf50000 ---p 0001c000 08:02 15340345                   /lib/x86_64-linux-gnu/libz.so.1.2.11
7f357bf50000-7f357bf51000 r--p 0001b000 08:02 15340345                   /lib/x86_64-linux-gnu/libz.so.1.2.11
7f357bf51000-7f357bf52000 rw-p 0001c000 08:02 15340345                   /lib/x86_64-linux-gnu/libz.so.1.2.11
7f357bf52000-7f357c139000 r-xp 00000000 08:02 15340173                   /lib/x86_64-linux-gnu/libc-2.27.so
7f357c139000-7f357c339000 ---p 001e7000 08:02 15340173                   /lib/x86_64-linux-gnu/libc-2.27.so
7f357c339000-7f357c33d000 r--p 001e7000 08:02 15340173                   /lib/x86_64-linux-gnu/libc-2.27.so
7f357c33d000-7f357c33f000 rw-p 001eb000 08:02 15340173                   /lib/x86_64-linux-gnu/libc-2.27.so
7f357c33f000-7f357c343000 rw-p 00000000 00:00 0 
7f357c343000-7f357c353000 r-xp 00000000 08:02 28979023                   /usr/lib/jvm/java-11-openjdk-amd64/lib/jli/libjli.so
7f357c353000-7f357c552000 ---p 00010000 08:02 28979023                   /usr/lib/jvm/java-11-openjdk-amd64/lib/jli/libjli.so
7f357c552000-7f357c553000 r--p 0000f000 08:02 28979023                   /usr/lib/jvm/java-11-openjdk-amd64/lib/jli/libjli.so
7f357c553000-7f357c554000 rw-p 00010000 08:02 28979023                   /usr/lib/jvm/java-11-openjdk-amd64/lib/jli/libjli.so
7f357c554000-7f357c57b000 r-xp 00000000 08:02 15340145                   /lib/x86_64-linux-gnu/ld-2.27.so
7f357c5a4000-7f357c655000 rw-p 00000000 00:00 0 
7f357c655000-7f357c65e000 ---p 00000000 00:00 0 
7f357c65e000-7f357c662000 ---p 00000000 00:00 0 
7f357c662000-7f357c761000 rw-p 00000000 00:00 0 
7f357c76d000-7f357c76f000 r--s 00007000 08:02 26879112                   /usr/share/java/java-atk-wrapper.jar
7f357c76f000-7f357c777000 rw-s 00000000 08:02 2890271                    /tmp/hsperfdata_venkatesh/5031
7f357c777000-7f357c778000 ---p 00000000 00:00 0 
7f357c778000-7f357c779000 r--p 00000000 00:00 0 
7f357c779000-7f357c77b000 rw-p 00000000 00:00 0 
7f357c77b000-7f357c77c000 r--p 00027000 08:02 15340145                   /lib/x86_64-linux-gnu/ld-2.27.so
7f357c77c000-7f357c77d000 rw-p 00028000 08:02 15340145                   /lib/x86_64-linux-gnu/ld-2.27.so
7f357c77d000-7f357c77e000 rw-p 00000000 00:00 0 
7ffeacc8d000-7ffeaccb2000 rw-p 00000000 00:00 0                          [stack]
7ffeacde7000-7ffeacdea000 r--p 00000000 00:00 0                          [vvar]
7ffeacdea000-7ffeacdec000 r-xp 00000000 00:00 0                          [vdso]
ffffffffff600000-ffffffffff601000 r-xp 00000000 00:00 0                  [vsyscall]


VM Arguments:
jvm_args: -Dcom.sun.management.jmxremote -Dcom.sun.management.jmxremote.port=45037 -Dcom.sun.management.jmxremote.authenticate=false -Dcom.sun.management.jmxremote.ssl=false -Djava.rmi.server.hostname=localhost -Dspring.jmx.enabled=true -Dspring.application.admin.enabled=true -Djava.security.egd=file:/dev/./urandom -Xverify:none -XX:TieredStopAtLevel=1 -Dspring.boot.project.name=PhotoAppApiZuuiAPIGateway -Dfile.encoding=UTF-8 
java_command: com.appdeveloperblog.photo.api.gateway.PhotoAppApiZuuiApiGatewayApplication --spring.output.ansi.enabled=always
java_class_path (initial): /home/venkatesh/Documents/workspace-spring-tool-suite-4-4.6.0.RELEASE/PhotoAppApiZuuiAPIGateway/target/classes:/home/venkatesh/.m2/repository/org/springframework/boot/spring-boot-starter-web/2.2.6.RELEASE/spring-boot-starter-web-2.2.6.RELEASE.jar:/home/venkatesh/.m2/repository/org/springframework/boot/spring-boot-starter/2.2.6.RELEASE/spring-boot-starter-2.2.6.RELEASE.jar:/home/venkatesh/.m2/repository/org/springframework/boot/spring-boot-starter-logging/2.2.6.RELEASE/spring-boot-starter-logging-2.2.6.RELEASE.jar:/home/venkatesh/.m2/repository/ch/qos/logback/logback-classic/1.2.3/logback-classic-1.2.3.jar:/home/venkatesh/.m2/repository/ch/qos/logback/logback-core/1.2.3/logback-core-1.2.3.jar:/home/venkatesh/.m2/repository/org/apache/logging/log4j/log4j-to-slf4j/2.12.1/log4j-to-slf4j-2.12.1.jar:/home/venkatesh/.m2/repository/org/apache/logging/log4j/log4j-api/2.12.1/log4j-api-2.12.1.jar:/home/venkatesh/.m2/repository/org/slf4j/jul-to-slf4j/1.7.30/jul-to-slf4j-1.7.30.jar:/home/venkatesh/.m2/repository/jakarta/annotation/jakarta.annotation-api/1.3.5/jakarta.annotation-api-1.3.5.jar:/home/venkatesh/.m2/repository/org/yaml/snakeyaml/1.25/snakeyaml-1.25.jar:/home/venkatesh/.m2/repository/org/springframework/boot/spring-boot-starter-json/2.2.6.RELEASE/spring-boot-starter-json-2.2.6.RELEASE.jar:/home/venkatesh/.m2/repository/com/fasterxml/jackson/datatype/jackson-datatype-jdk8/2.10.3/jackson-datatype-jdk8-2.10.3.jar:/home/venkatesh/.m2/repository/com/fasterxml/jackson/datatype/jackson-datatype-jsr310/2.10.3/jackson-datatype-jsr310-2.10.3.jar:/home/venkatesh/.m2/repository/com/fasterxml/jackson/module/jackson-module-parameter-names/2.10.3/jackson-module-parameter-names-2.10.3.jar:/home/venkatesh/.m2/repository/org/springframework/boot/spring-boot-starter-tomcat/2.2.6.RELEASE/spring-boot-starter-tomcat-2.2.6.RELEASE.jar:/home/venkatesh/.m2/repository/org/apache/tomcat/embed/tomcat-embed-core/9.0.33/tomcat-embed-core-9.0.33.jar:/home/venkatesh/.m2/
Launcher Type: SUN_STANDARD

[Global flags]
     bool BytecodeVerificationLocal                = false                                     {product} {command line}
     bool BytecodeVerificationRemote               = false                                     {product} {command line}
     intx CICompilerCount                          = 3                                         {product} {ergonomic}
     uint ConcGCThreads                            = 1                                         {product} {ergonomic}
     uint G1ConcRefinementThreads                  = 4                                         {product} {ergonomic}
   size_t G1HeapRegionSize                         = 1048576                                   {product} {ergonomic}
    uintx GCDrainStackTargetSize                   = 64                                        {product} {ergonomic}
   size_t InitialHeapSize                          = 130023424                                 {product} {ergonomic}
     bool ManagementServer                         = true                                      {product} {command line}
   size_t MarkStackSize                            = 4194304                                   {product} {ergonomic}
   size_t MaxHeapSize                              = 2061500416                                {product} {ergonomic}
   size_t MaxNewSize                               = 1236271104                                {product} {ergonomic}
   size_t MinHeapDeltaBytes                        = 1048576                                   {product} {ergonomic}
    uintx NonNMethodCodeHeapSize                   = 6973028                                {pd product} {ergonomic}
    uintx NonProfiledCodeHeapSize                  = 244685212                              {pd product} {ergonomic}
    uintx ProfiledCodeHeapSize                     = 0                                      {pd product} {ergonomic}
    uintx ReservedCodeCacheSize                    = 251658240                              {pd product} {ergonomic}
     bool SegmentedCodeCache                       = true                                      {product} {ergonomic}
     intx TieredStopAtLevel                        = 1                                         {product} {command line}
     bool UseCompressedClassPointers               = true                                 {lp64_product} {ergonomic}
     bool UseCompressedOops                        = true                                 {lp64_product} {ergonomic}
     bool UseG1GC                                  = true                                      {product} {ergonomic}

Logging:
Log output configuration:
 #0: stdout all=warning uptime,level,tags
 #1: stderr all=off uptime,level,tags

Environment Variables:
PATH=/usr/local/sbin:/usr/local/bin:/usr/sbin:/usr/bin:/sbin:/bin:/usr/games:/usr/local/games:/snap/bin
USERNAME=venkatesh
SHELL=/bin/bash
DISPLAY=:0

Signal Handlers:
SIGSEGV: [libjvm.so+0xdf1470], sa_mask[0]=11111111011111111101111111111110, sa_flags=SA_RESTART|SA_SIGINFO
SIGBUS: [libjvm.so+0xdf1470], sa_mask[0]=11111111011111111101111111111110, sa_flags=SA_RESTART|SA_SIGINFO
SIGFPE: [libjvm.so+0xdf1470], sa_mask[0]=11111111011111111101111111111110, sa_flags=SA_RESTART|SA_SIGINFO
SIGPIPE: [libjvm.so+0xbc5560], sa_mask[0]=11111111011111111101111111111110, sa_flags=SA_RESTART|SA_SIGINFO
SIGXFSZ: [libjvm.so+0xbc5560], sa_mask[0]=11111111011111111101111111111110, sa_flags=SA_RESTART|SA_SIGINFO
SIGILL: [libjvm.so+0xdf1470], sa_mask[0]=11111111011111111101111111111110, sa_flags=SA_RESTART|SA_SIGINFO
SIGUSR2: [libjvm.so+0xbc5400], sa_mask[0]=00100000000000000000000000000000, sa_flags=SA_RESTART|SA_SIGINFO
SIGHUP: [libjvm.so+0xbc5760], sa_mask[0]=11111111011111111101111111111110, sa_flags=SA_RESTART|SA_SIGINFO
SIGINT: [libjvm.so+0xbc5760], sa_mask[0]=11111111011111111101111111111110, sa_flags=SA_RESTART|SA_SIGINFO
SIGTERM: [libjvm.so+0xbc5760], sa_mask[0]=11111111011111111101111111111110, sa_flags=SA_RESTART|SA_SIGINFO
SIGQUIT: [libjvm.so+0xbc5760], sa_mask[0]=11111111011111111101111111111110, sa_flags=SA_RESTART|SA_SIGINFO


---------------  S Y S T E M  ---------------

OS:DISTRIB_ID=Ubuntu
DISTRIB_RELEASE=18.04
DISTRIB_CODENAME=bionic
DISTRIB_DESCRIPTION="Ubuntu 18.04.4 LTS"
uname:Linux 4.15.0-88-generic #88-Ubuntu SMP Tue Feb 11 20:11:34 UTC 2020 x86_64
libc:glibc 2.27 NPTL 2.27 
rlimit: STACK 8192k, CORE 0k, NPROC 31095, NOFILE 4096, AS infinity, DATA infinity, FSIZE infinity
load average:14.18 5.66 2.91

/proc/meminfo:
MemTotal:        8047360 kB
MemFree:          117192 kB
MemAvailable:      20708 kB
Buffers:             800 kB
Cached:           670180 kB
SwapCached:            0 kB
Active:          6983208 kB
Inactive:         657628 kB
Active(anon):    6971600 kB
Inactive(anon):   640856 kB
Active(file):      11608 kB
Inactive(file):    16772 kB
Unevictable:          48 kB
Mlocked:              48 kB
SwapTotal:             0 kB
SwapFree:              0 kB
Dirty:               244 kB
Writeback:             0 kB
AnonPages:       6970124 kB
Mapped:           302020 kB
Shmem:            642380 kB
Slab:             117840 kB
SReclaimable:      50356 kB
SUnreclaim:        67484 kB
KernelStack:       21520 kB
PageTables:        79348 kB
NFS_Unstable:          0 kB
Bounce:                0 kB
WritebackTmp:          0 kB
CommitLimit:     4023680 kB
Committed_AS:   16860960 kB
VmallocTotal:   34359738367 kB
VmallocUsed:           0 kB
VmallocChunk:          0 kB
HardwareCorrupted:     0 kB
AnonHugePages:         0 kB
ShmemHugePages:        0 kB
ShmemPmdMapped:        0 kB
CmaTotal:              0 kB
CmaFree:               0 kB
HugePages_Total:       0
HugePages_Free:        0
HugePages_Rsvd:        0
HugePages_Surp:        0
Hugepagesize:       2048 kB
DirectMap4k:      221708 kB
DirectMap2M:     6998016 kB
DirectMap1G:     1048576 kB


/proc/sys/kernel/threads-max (system-wide limit on the number of threads):
62190


/proc/sys/vm/max_map_count (maximum number of memory map areas a process may have):
65530


/proc/sys/kernel/pid_max (system-wide limit on number of process identifiers):
32768



container (cgroup) information:
container_type: cgroupv1
cpu_cpuset_cpus: 0-3
cpu_memory_nodes: 0
active_processor_count: 4
cpu_quota: -1
cpu_period: 100000
cpu_shares: -1
memory_limit_in_bytes: -1
memory_and_swap_limit_in_bytes: -2
memory_soft_limit_in_bytes: -1
memory_usage_in_bytes: 7823032320
memory_max_usage_in_bytes: 0

Steal ticks since vm start: 0
Steal ticks percentage since vm start:  0.000

CPU:total 4 (initial active 4) (2 cores per cpu, 2 threads per core) family 6 model 78 stepping 3, cmov, cx8, fxsr, mmx, sse, sse2, sse3, ssse3, sse4.1, sse4.2, popcnt, avx, avx2, aes, clmul, erms, rtm, 3dnowpref, lzcnt, ht, tsc, tscinvbit, bmi1, bmi2, adx, fma
CPU Model and flags from /proc/cpuinfo:
model name	: Intel(R) Core(TM) i5-6300U CPU @ 2.40GHz
flags		: fpu vme de pse tsc msr pae mce cx8 apic sep mtrr pge mca cmov pat pse36 clflush dts acpi mmx fxsr sse sse2 ss ht tm pbe syscall nx pdpe1gb rdtscp lm constant_tsc art arch_perfmon pebs bts rep_good nopl xtopology nonstop_tsc cpuid aperfmperf tsc_known_freq pni pclmulqdq dtes64 monitor ds_cpl vmx smx est tm2 ssse3 sdbg fma cx16 xtpr pdcm pcid sse4_1 sse4_2 x2apic movbe popcnt tsc_deadline_timer aes xsave avx f16c rdrand lahf_lm abm 3dnowprefetch cpuid_fault epb invpcid_single pti ssbd ibrs ibpb stibp tpr_shadow vnmi flexpriority ept vpid fsgsbase tsc_adjust bmi1 hle avx2 smep bmi2 erms invpcid rtm mpx rdseed adx smap clflushopt intel_pt xsaveopt xsavec xgetbv1 xsaves dtherm ida arat pln pts hwp hwp_notify hwp_act_window hwp_epp md_clear flush_l1d

Memory: 4k page, physical 8047360k(120428k free), swap 0k(0k free)

vm_info: OpenJDK 64-Bit Server VM (11.0.6+10-post-Ubuntu-1ubuntu118.04.1) for linux-amd64 JRE (11.0.6+10-post-Ubuntu-1ubuntu118.04.1), built on Jan 15 2020 15:14:00 by "unknown" with gcc 7.4.0

END.
